#
# There is insufficient memory for the Java Runtime Environment to continue.
# Native memory allocation (mmap) failed to map 291504128 bytes for Failed to commit area from 0x0000000091600000 to 0x00000000a2c00000 of length 291504128.
# Possible reasons:
#   The system is out of physical RAM or swap space
#   The process is running with CompressedOops enabled, and the Java Heap may be blocking the growth of the native heap
# Possible solutions:
#   Reduce memory load on the system
#   Increase physical memory or swap space
#   Check if swap backing store is full
#   Decrease Java heap size (-Xmx/-Xms)
#   Decrease number of Java threads
#   Decrease Java thread stack sizes (-Xss)
#   Set larger code cache with -XX:ReservedCodeCacheSize=
#   JVM is running with Unscaled Compressed Oops mode in which the Java heap is
#     placed in the first 4GB address space. The Java Heap base address is the
#     maximum limit for the native heap growth. Please use -XX:HeapBaseMinAddress
#     to set the Java Heap base and to place the Java Heap above 4GB virtual address.
# This output file may be truncated or incomplete.
#
#  Out of Memory Error (./src/hotspot/os/windows/os_windows.cpp:3301), pid=1428, tid=12916
#
# JRE version: OpenJDK Runtime Environment (11.0.10) (build 11.0.10+0-b96-7249189)
# Java VM: OpenJDK 64-Bit Server VM (11.0.10+0-b96-7249189, mixed mode, tiered, compressed oops, g1 gc, windows-amd64)
# No core dump will be written. Minidumps are not enabled by default on client versions of Windows
#

---------------  S U M M A R Y ------------

Command Line: --add-opens=java.base/java.util=ALL-UNNAMED --add-opens=java.base/java.lang=ALL-UNNAMED --add-opens=java.base/java.lang.invoke=ALL-UNNAMED --add-opens=java.base/java.util=ALL-UNNAMED --add-opens=java.prefs/java.util.prefs=ALL-UNNAMED --add-opens=java.prefs/java.util.prefs=ALL-UNNAMED --add-opens=java.base/java.nio.charset=ALL-UNNAMED --add-opens=java.base/java.net=ALL-UNNAMED --add-opens=java.base/java.util.concurrent.atomic=ALL-UNNAMED -Xmx2048m -Dfile.encoding=UTF-8 -Duser.country=MX -Duser.language=es -Duser.variant org.gradle.launcher.daemon.bootstrap.GradleDaemon 7.0.2

Host: Intel(R) Core(TM) i5 CPU       M 540  @ 2.53GHz, 4 cores, 7G,  Windows 10 , 64 bit Build 19041 (10.0.19041.1151)
Time: Fri Aug 13 21:42:26 2021 Hora de verano central (México) elapsed time: 3785.681394 seconds (0d 1h 3m 5s)

---------------  T H R E A D  ---------------

Current thread (0x000001e5acc99000):  VMThread "VM Thread" [stack: 0x0000007d2ae00000,0x0000007d2af00000] [id=12916]

Stack: [0x0000007d2ae00000,0x0000007d2af00000]
[error occurred during error reporting (printing stack bounds), id 0xc0000005, EXCEPTION_ACCESS_VIOLATION (0xc0000005) at pc=0x000001e596bc0f3d]

Native frames: (J=compiled Java code, j=interpreted, Vv=VM code, C=native code)
V  [jvm.dll+0x5ecfaa]
V  [jvm.dll+0x722bd5]
V  [jvm.dll+0x72412d]
V  [jvm.dll+0x724745]
V  [jvm.dll+0x7246fb]
V  [jvm.dll+0x5ec348]
V  [jvm.dll+0x5ecad8]
C  [ntdll.dll+0xa217f]
C  [ntdll.dll+0x51454]
C  [ntdll.dll+0xa0cae]
C  0x000001e596bc0f3d

VM_Operation (0x0000007d2dffdc80): G1CollectForAllocation, mode: safepoint, requested by thread 0x000001e5b5aa4800


---------------  P R O C E S S  ---------------

Threads class SMR info:
_java_thread_list=0x000001e5b7d4fc90, length=55, elements={
0x000001e5930cf800, 0x000001e5acc9d800, 0x000001e5acca2000, 0x000001e5ad652800,
0x000001e5accb6800, 0x000001e5accb7800, 0x000001e5accc1000, 0x000001e5accc8000,
0x000001e5acccd800, 0x000001e5ad79b000, 0x000001e5aed00800, 0x000001e5af944800,
0x000001e5adedf800, 0x000001e5afa5e000, 0x000001e5afa5f800, 0x000001e5afa5a800,
0x000001e5afa5b800, 0x000001e5afa5c800, 0x000001e5afa5d000, 0x000001e5b19c6000,
0x000001e5b19c3000, 0x000001e5b19c7000, 0x000001e5b19c5000, 0x000001e5b19c9800,
0x000001e5b19cf000, 0x000001e5b7d0d000, 0x000001e5b5aab000, 0x000001e5b19c4800,
0x000001e5b19d0000, 0x000001e5b7d0c800, 0x000001e5b7d08800, 0x000001e5b7d0a000,
0x000001e5b7d0e000, 0x000001e5b7d10800, 0x000001e5b7d0a800, 0x000001e5b7d16000,
0x000001e5b7d14800, 0x000001e5b7d15800, 0x000001e5b7d13000, 0x000001e5b7d17000,
0x000001e5b7d11800, 0x000001e5b7d12000, 0x000001e5b7d13800, 0x000001e5b5a9d000,
0x000001e5b5a9f800, 0x000001e5b5aa0800, 0x000001e5b5aa3800, 0x000001e5b5aa1000,
0x000001e5b5aa2800, 0x000001e5b5a9e000, 0x000001e5b5aa4800, 0x000001e5b5a9e800,
0x000001e5b5aa8800, 0x000001e5b5aa6000, 0x000001e5b5aa5000
}

Java Threads: ( => current thread )
  0x000001e5930cf800 JavaThread "main" [_thread_blocked, id=12660, stack(0x0000007d2a800000,0x0000007d2a900000)]
  0x000001e5acc9d800 JavaThread "Reference Handler" daemon [_thread_blocked, id=4276, stack(0x0000007d2af00000,0x0000007d2b000000)]
  0x000001e5acca2000 JavaThread "Finalizer" daemon [_thread_blocked, id=4836, stack(0x0000007d2b000000,0x0000007d2b100000)]
  0x000001e5ad652800 JavaThread "Signal Dispatcher" daemon [_thread_blocked, id=7496, stack(0x0000007d2b100000,0x0000007d2b200000)]
  0x000001e5accb6800 JavaThread "Attach Listener" daemon [_thread_blocked, id=4168, stack(0x0000007d2b200000,0x0000007d2b300000)]
  0x000001e5accb7800 JavaThread "Service Thread" daemon [_thread_blocked, id=10564, stack(0x0000007d2b300000,0x0000007d2b400000)]
  0x000001e5accc1000 JavaThread "C2 CompilerThread0" daemon [_thread_blocked, id=8404, stack(0x0000007d2b400000,0x0000007d2b500000)]
  0x000001e5accc8000 JavaThread "C1 CompilerThread0" daemon [_thread_blocked, id=8720, stack(0x0000007d2b500000,0x0000007d2b600000)]
  0x000001e5acccd800 JavaThread "Sweeper thread" daemon [_thread_blocked, id=12172, stack(0x0000007d2b600000,0x0000007d2b700000)]
  0x000001e5ad79b000 JavaThread "Common-Cleaner" daemon [_thread_blocked, id=924, stack(0x0000007d2b700000,0x0000007d2b800000)]
  0x000001e5aed00800 JavaThread "Daemon health stats" [_thread_blocked, id=11036, stack(0x0000007d2bc00000,0x0000007d2bd00000)]
  0x000001e5af944800 JavaThread "Incoming local TCP Connector on port 64818" [_thread_in_native, id=4700, stack(0x0000007d2bb00000,0x0000007d2bc00000)]
  0x000001e5adedf800 JavaThread "Daemon periodic checks" [_thread_blocked, id=2940, stack(0x0000007d2bd00000,0x0000007d2be00000)]
  0x000001e5afa5e000 JavaThread "Cache worker for file hash cache (B:\Archivos de Sistema\Usuarios\daniel\.gradle\caches\7.0.2\fileHashes)" [_thread_blocked, id=9972, stack(0x0000007d2c600000,0x0000007d2c700000)]
  0x000001e5afa5f800 JavaThread "File lock request listener" [_thread_in_native, id=5800, stack(0x0000007d2c700000,0x0000007d2c800000)]
  0x000001e5afa5a800 JavaThread "Cache worker for journal cache (B:\Archivos de Sistema\Usuarios\daniel\.gradle\caches\journal-1)" [_thread_blocked, id=10176, stack(0x0000007d2c800000,0x0000007d2c900000)]
  0x000001e5afa5b800 JavaThread "File watcher server" daemon [_thread_blocked, id=3572, stack(0x0000007d2ca00000,0x0000007d2cb00000)]
  0x000001e5afa5c800 JavaThread "File watcher consumer" daemon [_thread_blocked, id=9500, stack(0x0000007d2cb00000,0x0000007d2cc00000)]
  0x000001e5afa5d000 JavaThread "jar transforms" [_thread_blocked, id=10708, stack(0x0000007d2cc00000,0x0000007d2cd00000)]
  0x000001e5b19c6000 JavaThread "jar transforms Thread 2" [_thread_blocked, id=5956, stack(0x0000007d2cd00000,0x0000007d2ce00000)]
  0x000001e5b19c3000 JavaThread "jar transforms Thread 3" [_thread_blocked, id=12772, stack(0x0000007d2ce00000,0x0000007d2cf00000)]
  0x000001e5b19c7000 JavaThread "jar transforms Thread 4" [_thread_blocked, id=11712, stack(0x0000007d2cf00000,0x0000007d2d000000)]
  0x000001e5b19c5000 JavaThread "Cache worker for execution history cache (B:\Archivos de Sistema\Usuarios\daniel\.gradle\caches\7.0.2\executionHistory)" [_thread_blocked, id=8456, stack(0x0000007d2d400000,0x0000007d2d500000)]
  0x000001e5b19c9800 JavaThread "Cache worker for file content cache (B:\Archivos de Sistema\Usuarios\daniel\.gradle\caches\7.0.2\fileContent)" [_thread_blocked, id=13072, stack(0x0000007d2d500000,0x0000007d2d600000)]
  0x000001e5b19cf000 JavaThread "Memory manager" [_thread_blocked, id=10608, stack(0x0000007d2de00000,0x0000007d2df00000)]
  0x000001e5b7d0d000 JavaThread "Cache worker for Java compile cache (B:\Archivos de Sistema\Usuarios\daniel\.gradle\caches\7.0.2\javaCompile)" [_thread_blocked, id=2304, stack(0x0000007d2e200000,0x0000007d2e300000)]
  0x000001e5b5aab000 JavaThread "ForkJoinPool.commonPool-worker-5" daemon [_thread_blocked, id=6544, stack(0x0000007d2e600000,0x0000007d2e700000)]
  0x000001e5b19c4800 JavaThread "Daemon Thread 13" [_thread_blocked, id=11412, stack(0x0000007d2a500000,0x0000007d2a600000)]
  0x000001e5b19d0000 JavaThread "Daemon worker Thread 13" [_thread_blocked, id=7328, stack(0x0000007d2be00000,0x0000007d2bf00000)]
  0x000001e5b7d0c800 JavaThread "Handler for socket connection from /127.0.0.1:64818 to /127.0.0.1:61168" [_thread_in_native, id=6356, stack(0x0000007d2a600000,0x0000007d2a700000)]
  0x000001e5b7d08800 JavaThread "Cancel handler" [_thread_blocked, id=7624, stack(0x0000007d2a700000,0x0000007d2a800000)]
  0x000001e5b7d0a000 JavaThread "Asynchronous log dispatcher for DefaultDaemonConnection: socket connection from /127.0.0.1:64818 to /127.0.0.1:61168" [_thread_blocked, id=6864, stack(0x0000007d2bf00000,0x0000007d2c000000)]
  0x000001e5b7d0e000 JavaThread "Stdin handler" [_thread_blocked, id=12632, stack(0x0000007d2c000000,0x0000007d2c100000)]
  0x000001e5b7d10800 JavaThread "Daemon client event forwarder" [_thread_blocked, id=12676, stack(0x0000007d2c200000,0x0000007d2c300000)]
  0x000001e5b7d0a800 JavaThread "Cache worker for file hash cache (B:\Archivos de Sistema\Usuarios\daniel\AndroidStudioProjects\ejemplos\.gradle\7.0.2\fileHashes)" [_thread_blocked, id=2172, stack(0x0000007d2c300000,0x0000007d2c400000)]
  0x000001e5b7d16000 JavaThread "Cache worker for checksums cache (B:\Archivos de Sistema\Usuarios\daniel\AndroidStudioProjects\ejemplos\.gradle\checksums)" [_thread_blocked, id=7956, stack(0x0000007d2c400000,0x0000007d2c500000)]
  0x000001e5b7d14800 JavaThread "Cache worker for cache directory md-supplier (B:\Archivos de Sistema\Usuarios\daniel\.gradle\caches\7.0.2\md-supplier)" [_thread_blocked, id=1184, stack(0x0000007d2c500000,0x0000007d2c600000)]
  0x000001e5b7d15800 JavaThread "Cache worker for cache directory md-rule (B:\Archivos de Sistema\Usuarios\daniel\.gradle\caches\7.0.2\md-rule)" [_thread_blocked, id=5528, stack(0x0000007d2c900000,0x0000007d2ca00000)]
  0x000001e5b7d13000 JavaThread "Cache worker for dependencies-accessors (B:\Archivos de Sistema\Usuarios\daniel\AndroidStudioProjects\ejemplos\.gradle\7.0.2\dependencies-accessors)" [_thread_blocked, id=7948, stack(0x0000007d2d000000,0x0000007d2d100000)]
  0x000001e5b7d17000 JavaThread "Cache worker for Build Output Cleanup Cache (B:\Archivos de Sistema\Usuarios\daniel\AndroidStudioProjects\ejemplos\.gradle\buildOutputCleanup)" [_thread_blocked, id=2316, stack(0x0000007d2d100000,0x0000007d2d200000)]
  0x000001e5b7d11800 JavaThread "Build operations" [_thread_blocked, id=8452, stack(0x0000007d2d200000,0x0000007d2d300000)]
  0x000001e5b7d12000 JavaThread "Build operations Thread 2" [_thread_blocked, id=6652, stack(0x0000007d2d300000,0x0000007d2d400000)]
  0x000001e5b7d13800 JavaThread "Build operations Thread 3" [_thread_blocked, id=7488, stack(0x0000007d2d600000,0x0000007d2d700000)]
  0x000001e5b5a9d000 JavaThread "Build operations Thread 4" [_thread_blocked, id=1888, stack(0x0000007d2d700000,0x0000007d2d800000)]
  0x000001e5b5a9f800 JavaThread "C2 CompilerThread1" daemon [_thread_blocked, id=10488, stack(0x0000007d2d800000,0x0000007d2d900000)]
  0x000001e5b5aa0800 JavaThread "build event listener" [_thread_blocked, id=8224, stack(0x0000007d2d900000,0x0000007d2da00000)]
  0x000001e5b5aa3800 JavaThread "Execution worker for ':'" [_thread_blocked, id=11968, stack(0x0000007d2da00000,0x0000007d2db00000)]
  0x000001e5b5aa1000 JavaThread "Execution worker for ':' Thread 2" [_thread_blocked, id=12524, stack(0x0000007d2db00000,0x0000007d2dc00000)]
  0x000001e5b5aa2800 JavaThread "Execution worker for ':' Thread 3" [_thread_blocked, id=8216, stack(0x0000007d2dc00000,0x0000007d2dd00000)]
  0x000001e5b5a9e000 JavaThread "Cache worker for execution history cache (B:\Archivos de Sistema\Usuarios\daniel\AndroidStudioProjects\ejemplos\.gradle\7.0.2\executionHistory)" [_thread_blocked, id=9548, stack(0x0000007d2dd00000,0x0000007d2de00000)]
  0x000001e5b5aa4800 JavaThread "WorkerExecutor Queue" [_thread_blocked, id=8540, stack(0x0000007d2df00000,0x0000007d2e000000)]
  0x000001e5b5a9e800 JavaThread "WorkerExecutor Queue Thread 2" [_thread_blocked, id=12616, stack(0x0000007d2e000000,0x0000007d2e100000)]
  0x000001e5b5aa8800 JavaThread "pool-49-thread-1" [_thread_blocked, id=7264, stack(0x0000007d2e100000,0x0000007d2e200000)]
  0x000001e5b5aa6000 JavaThread "stderr" [_thread_in_native, id=10764, stack(0x0000007d2e300000,0x0000007d2e400000)]
  0x000001e5b5aa5000 JavaThread "stdout" [_thread_in_native, id=4132, stack(0x0000007d2e400000,0x0000007d2e500000)]

Other Threads:
=>0x000001e5acc99000 VMThread "VM Thread" [stack: 0x0000007d2ae00000,0x0000007d2af00000] [id=12916]
  0x000001e5ad7ae800 WatcherThread [stack: 0x0000007d2b800000,0x0000007d2b900000] [id=5696]
  0x000001e5930e6800 GCTaskThread "GC Thread#0" [stack: 0x0000007d2a900000,0x0000007d2aa00000] [id=11524]
  0x000001e5ad6d0800 GCTaskThread "GC Thread#1" [stack: 0x0000007d2b900000,0x0000007d2ba00000] [id=9888]
  0x000001e5ad6cf000 GCTaskThread "GC Thread#2" [stack: 0x0000007d2ba00000,0x0000007d2bb00000] [id=11708]
  0x000001e5ad6cb800 GCTaskThread "GC Thread#3" [stack: 0x0000007d2c100000,0x0000007d2c200000] [id=1084]
  0x000001e59311a000 ConcurrentGCThread "G1 Main Marker" [stack: 0x0000007d2aa00000,0x0000007d2ab00000] [id=8780]
  0x000001e59311c000 ConcurrentGCThread "G1 Conc#0" [stack: 0x0000007d2ab00000,0x0000007d2ac00000] [id=2420]
  0x000001e5931a7800 ConcurrentGCThread "G1 Refine#0" [stack: 0x0000007d2ac00000,0x0000007d2ad00000] [id=2000]
  0x000001e5931a8800 ConcurrentGCThread "G1 Young RemSet Sampling" [stack: 0x0000007d2ad00000,0x0000007d2ae00000] [id=11404]

Threads with active compile tasks:
C2 CompilerThread13785709 30823 %     4       com.android.ide.common.symbols.SymbolTable::filter @ 100 (187 bytes)

VM state:at safepoint (normal execution)

VM Mutex/Monitor currently owned by a thread:  ([mutex/lock_event])
[0x000001e5930ccf70] Threads_lock - owner thread: 0x000001e5acc99000
[0x000001e5930cb590] Heap_lock - owner thread: 0x000001e5b5aa4800

Heap address: 0x0000000080000000, size: 2048 MB, Compressed Oops mode: 32-bit
Narrow klass base: 0x0000000000000000, Narrow klass shift: 3
Compressed class space size: 1073741824 Address: 0x0000000100000000

Heap:
 garbage-first heap   total 569344K, used 131244K [0x0000000080000000, 0x0000000100000000)
  region size 1024K, 2 young (2048K), 2 survivors (2048K)
 Metaspace       used 147697K, capacity 152571K, committed 153548K, reserved 1183744K
  class space    used 18262K, capacity 20021K, committed 20172K, reserved 1048576K
Heap Regions: E=young(eden), S=young(survivor), O=old, HS=humongous(starts), HC=humongous(continues), CS=collection set, F=free, A=archive, TAMS=top-at-mark-start (previous, next)
|   0|0x0000000080000000, 0x0000000080100000, 0x0000000080100000|100%|HS|  |TAMS 0x0000000080100000, 0x0000000080000000| Complete 
|   1|0x0000000080100000, 0x0000000080200000, 0x0000000080200000|100%|HC|  |TAMS 0x0000000080200000, 0x0000000080100000| Complete 
|   2|0x0000000080200000, 0x0000000080300000, 0x0000000080300000|100%|HC|  |TAMS 0x0000000080300000, 0x0000000080200000| Complete 
|   3|0x0000000080300000, 0x0000000080400000, 0x0000000080400000|100%| O|  |TAMS 0x0000000080400000, 0x0000000080300000| Untracked 
|   4|0x0000000080400000, 0x0000000080500000, 0x0000000080500000|100%| O|  |TAMS 0x0000000080500000, 0x0000000080400000| Untracked 
|   5|0x0000000080500000, 0x0000000080600000, 0x0000000080600000|100%| O|  |TAMS 0x0000000080600000, 0x0000000080500000| Untracked 
|   6|0x0000000080600000, 0x0000000080700000, 0x0000000080700000|100%| O|  |TAMS 0x0000000080700000, 0x0000000080600000| Untracked 
|   7|0x0000000080700000, 0x0000000080800000, 0x0000000080800000|100%| O|  |TAMS 0x0000000080800000, 0x0000000080700000| Untracked 
|   8|0x0000000080800000, 0x0000000080900000, 0x0000000080900000|100%| O|  |TAMS 0x0000000080900000, 0x0000000080800000| Untracked 
|   9|0x0000000080900000, 0x0000000080a00000, 0x0000000080a00000|100%| O|  |TAMS 0x0000000080a00000, 0x0000000080900000| Untracked 
|  10|0x0000000080a00000, 0x0000000080b00000, 0x0000000080b00000|100%| O|  |TAMS 0x0000000080b00000, 0x0000000080a00000| Untracked 
|  11|0x0000000080b00000, 0x0000000080c00000, 0x0000000080c00000|100%| O|  |TAMS 0x0000000080c00000, 0x0000000080b00000| Untracked 
|  12|0x0000000080c00000, 0x0000000080d00000, 0x0000000080d00000|100%| O|  |TAMS 0x0000000080d00000, 0x0000000080c00000| Untracked 
|  13|0x0000000080d00000, 0x0000000080e00000, 0x0000000080e00000|100%| O|  |TAMS 0x0000000080e00000, 0x0000000080d00000| Untracked 
|  14|0x0000000080e00000, 0x0000000080f00000, 0x0000000080f00000|100%| O|  |TAMS 0x0000000080f00000, 0x0000000080e00000| Untracked 
|  15|0x0000000080f00000, 0x0000000081000000, 0x0000000081000000|100%| O|  |TAMS 0x0000000081000000, 0x0000000080f00000| Untracked 
|  16|0x0000000081000000, 0x0000000081100000, 0x0000000081100000|100%|HS|  |TAMS 0x0000000081100000, 0x0000000081000000| Complete 
|  17|0x0000000081100000, 0x0000000081200000, 0x0000000081200000|100%|HC|  |TAMS 0x0000000081200000, 0x0000000081100000| Complete 
|  18|0x0000000081200000, 0x0000000081300000, 0x0000000081300000|100%|HS|  |TAMS 0x0000000081300000, 0x0000000081200000| Complete 
|  19|0x0000000081300000, 0x0000000081400000, 0x0000000081400000|100%|HC|  |TAMS 0x0000000081400000, 0x0000000081300000| Complete 
|  20|0x0000000081400000, 0x0000000081500000, 0x0000000081500000|100%|HC|  |TAMS 0x0000000081500000, 0x0000000081400000| Complete 
|  21|0x0000000081500000, 0x0000000081600000, 0x0000000081600000|100%|HS|  |TAMS 0x0000000081600000, 0x0000000081500000| Complete 
|  22|0x0000000081600000, 0x0000000081700000, 0x0000000081700000|100%|HC|  |TAMS 0x0000000081700000, 0x0000000081600000| Complete 
|  23|0x0000000081700000, 0x0000000081800000, 0x0000000081800000|100%|HC|  |TAMS 0x0000000081800000, 0x0000000081700000| Complete 
|  24|0x0000000081800000, 0x0000000081900000, 0x0000000081900000|100%|HC|  |TAMS 0x0000000081900000, 0x0000000081800000| Complete 
|  25|0x0000000081900000, 0x0000000081a00000, 0x0000000081a00000|100%|HC|  |TAMS 0x0000000081a00000, 0x0000000081900000| Complete 
|  26|0x0000000081a00000, 0x0000000081b00000, 0x0000000081b00000|100%| O|  |TAMS 0x0000000081a00000, 0x0000000081a00000| Untracked 
|  27|0x0000000081b00000, 0x0000000081c00000, 0x0000000081c00000|100%| O|  |TAMS 0x0000000081b00000, 0x0000000081b00000| Untracked 
|  28|0x0000000081c00000, 0x0000000081d00000, 0x0000000081d00000|100%| O|  |TAMS 0x0000000081d00000, 0x0000000081c00000| Untracked 
|  29|0x0000000081d00000, 0x0000000081e00000, 0x0000000081e00000|100%| O|  |TAMS 0x0000000081e00000, 0x0000000081d00000| Untracked 
|  30|0x0000000081e00000, 0x0000000081f00000, 0x0000000081f00000|100%| O|  |TAMS 0x0000000081f00000, 0x0000000081e00000| Untracked 
|  31|0x0000000081f00000, 0x0000000082000000, 0x0000000082000000|100%| O|  |TAMS 0x0000000082000000, 0x0000000081f00000| Untracked 
|  32|0x0000000082000000, 0x0000000082100000, 0x0000000082100000|100%| O|  |TAMS 0x0000000082100000, 0x0000000082000000| Untracked 
|  33|0x0000000082100000, 0x0000000082200000, 0x0000000082200000|100%| O|  |TAMS 0x0000000082200000, 0x0000000082100000| Untracked 
|  34|0x0000000082200000, 0x0000000082300000, 0x0000000082300000|100%| O|  |TAMS 0x0000000082300000, 0x0000000082200000| Untracked 
|  35|0x0000000082300000, 0x0000000082400000, 0x0000000082400000|100%| O|  |TAMS 0x0000000082400000, 0x0000000082300000| Untracked 
|  36|0x0000000082400000, 0x0000000082500000, 0x0000000082500000|100%| O|  |TAMS 0x0000000082400000, 0x0000000082400000| Untracked 
|  37|0x0000000082500000, 0x0000000082600000, 0x0000000082600000|100%| O|  |TAMS 0x0000000082600000, 0x0000000082500000| Untracked 
|  38|0x0000000082600000, 0x0000000082700000, 0x0000000082700000|100%| O|  |TAMS 0x0000000082700000, 0x0000000082600000| Untracked 
|  39|0x0000000082700000, 0x0000000082800000, 0x0000000082800000|100%| O|  |TAMS 0x0000000082800000, 0x0000000082700000| Untracked 
|  40|0x0000000082800000, 0x0000000082900000, 0x0000000082900000|100%| O|  |TAMS 0x0000000082900000, 0x0000000082800000| Untracked 
|  41|0x0000000082900000, 0x0000000082a00000, 0x0000000082a00000|100%| O|  |TAMS 0x0000000082a00000, 0x0000000082900000| Untracked 
|  42|0x0000000082a00000, 0x0000000082b00000, 0x0000000082b00000|100%| O|  |TAMS 0x0000000082a00000, 0x0000000082a00000| Untracked 
|  43|0x0000000082b00000, 0x0000000082c00000, 0x0000000082c00000|100%| O|  |TAMS 0x0000000082b00000, 0x0000000082b00000| Untracked 
|  44|0x0000000082c00000, 0x0000000082d00000, 0x0000000082d00000|100%| O|  |TAMS 0x0000000082c00000, 0x0000000082c00000| Untracked 
|  45|0x0000000082d00000, 0x0000000082e00000, 0x0000000082e00000|100%| O|  |TAMS 0x0000000082e00000, 0x0000000082d00000| Untracked 
|  46|0x0000000082e00000, 0x0000000082f00000, 0x0000000082f00000|100%| O|  |TAMS 0x0000000082f00000, 0x0000000082e00000| Untracked 
|  47|0x0000000082f00000, 0x0000000083000000, 0x0000000083000000|100%| O|  |TAMS 0x0000000083000000, 0x0000000082f00000| Untracked 
|  48|0x0000000083000000, 0x0000000083100000, 0x0000000083100000|100%| O|  |TAMS 0x0000000083100000, 0x0000000083000000| Untracked 
|  49|0x0000000083100000, 0x0000000083200000, 0x0000000083200000|100%| O|  |TAMS 0x0000000083200000, 0x0000000083100000| Untracked 
|  50|0x0000000083200000, 0x0000000083300000, 0x0000000083300000|100%| O|  |TAMS 0x0000000083300000, 0x0000000083200000| Untracked 
|  51|0x0000000083300000, 0x0000000083400000, 0x0000000083400000|100%|HS|  |TAMS 0x0000000083400000, 0x0000000083300000| Complete 
|  52|0x0000000083400000, 0x0000000083500000, 0x0000000083500000|100%|HS|  |TAMS 0x0000000083500000, 0x0000000083400000| Complete 
|  53|0x0000000083500000, 0x0000000083600000, 0x0000000083600000|100%|HS|  |TAMS 0x0000000083600000, 0x0000000083500000| Complete 
|  54|0x0000000083600000, 0x0000000083700000, 0x0000000083700000|100%|HC|  |TAMS 0x0000000083700000, 0x0000000083600000| Complete 
|  55|0x0000000083700000, 0x0000000083800000, 0x0000000083800000|100%| O|  |TAMS 0x0000000083800000, 0x0000000083700000| Untracked 
|  56|0x0000000083800000, 0x0000000083900000, 0x0000000083900000|100%| O|  |TAMS 0x0000000083800000, 0x0000000083800000| Untracked 
|  57|0x0000000083900000, 0x0000000083a00000, 0x0000000083a00000|100%| O|  |TAMS 0x0000000083a00000, 0x0000000083900000| Untracked 
|  58|0x0000000083a00000, 0x0000000083b00000, 0x0000000083b00000|100%| O|  |TAMS 0x0000000083b00000, 0x0000000083a00000| Untracked 
|  59|0x0000000083b00000, 0x0000000083c00000, 0x0000000083c00000|100%| O|  |TAMS 0x0000000083c00000, 0x0000000083b00000| Untracked 
|  60|0x0000000083c00000, 0x0000000083d00000, 0x0000000083d00000|100%| O|  |TAMS 0x0000000083d00000, 0x0000000083c00000| Untracked 
|  61|0x0000000083d00000, 0x0000000083e00000, 0x0000000083e00000|100%| O|  |TAMS 0x0000000083e00000, 0x0000000083d00000| Untracked 
|  62|0x0000000083e00000, 0x0000000083f00000, 0x0000000083f00000|100%| O|  |TAMS 0x0000000083f00000, 0x0000000083e00000| Untracked 
|  63|0x0000000083f00000, 0x0000000084000000, 0x0000000084000000|100%| O|  |TAMS 0x0000000084000000, 0x0000000083f00000| Untracked 
|  64|0x0000000084000000, 0x0000000084100000, 0x0000000084100000|100%| O|  |TAMS 0x0000000084100000, 0x0000000084000000| Untracked 
|  65|0x0000000084100000, 0x0000000084200000, 0x0000000084200000|100%| O|  |TAMS 0x0000000084100000, 0x0000000084100000| Untracked 
|  66|0x0000000084200000, 0x0000000084300000, 0x0000000084300000|100%| O|  |TAMS 0x0000000084300000, 0x0000000084200000| Untracked 
|  67|0x0000000084300000, 0x0000000084400000, 0x0000000084400000|100%| O|  |TAMS 0x0000000084400000, 0x0000000084300000| Untracked 
|  68|0x0000000084400000, 0x0000000084500000, 0x0000000084500000|100%| O|  |TAMS 0x0000000084500000, 0x0000000084400000| Untracked 
|  69|0x0000000084500000, 0x0000000084600000, 0x0000000084600000|100%| O|  |TAMS 0x0000000084600000, 0x0000000084500000| Untracked 
|  70|0x0000000084600000, 0x0000000084700000, 0x0000000084700000|100%| O|  |TAMS 0x0000000084700000, 0x0000000084600000| Untracked 
|  71|0x0000000084700000, 0x0000000084800000, 0x0000000084800000|100%| O|  |TAMS 0x0000000084800000, 0x0000000084700000| Untracked 
|  72|0x0000000084800000, 0x0000000084900000, 0x0000000084900000|100%| O|  |TAMS 0x0000000084900000, 0x0000000084800000| Untracked 
|  73|0x0000000084900000, 0x0000000084a00000, 0x0000000084a00000|100%| O|  |TAMS 0x0000000084a00000, 0x0000000084900000| Untracked 
|  74|0x0000000084a00000, 0x0000000084b00000, 0x0000000084b00000|100%| O|  |TAMS 0x0000000084b00000, 0x0000000084a00000| Untracked 
|  75|0x0000000084b00000, 0x0000000084c00000, 0x0000000084c00000|100%| O|  |TAMS 0x0000000084b00000, 0x0000000084b00000| Untracked 
|  76|0x0000000084c00000, 0x0000000084d00000, 0x0000000084d00000|100%| O|  |TAMS 0x0000000084d00000, 0x0000000084c00000| Untracked 
|  77|0x0000000084d00000, 0x0000000084e00000, 0x0000000084e00000|100%| O|  |TAMS 0x0000000084d00000, 0x0000000084d00000| Untracked 
|  78|0x0000000084e00000, 0x0000000084f00000, 0x0000000084f00000|100%| O|  |TAMS 0x0000000084f00000, 0x0000000084e00000| Untracked 
|  79|0x0000000084f00000, 0x0000000085000000, 0x0000000085000000|100%| O|  |TAMS 0x0000000085000000, 0x0000000084f00000| Untracked 
|  80|0x0000000085000000, 0x0000000085100000, 0x0000000085100000|100%| O|  |TAMS 0x0000000085000000, 0x0000000085000000| Untracked 
|  81|0x0000000085100000, 0x0000000085200000, 0x0000000085200000|100%| O|  |TAMS 0x0000000085200000, 0x0000000085100000| Untracked 
|  82|0x0000000085200000, 0x000000008522b200, 0x0000000085300000| 16%| O|  |TAMS 0x0000000085200000, 0x0000000085200000| Untracked 
|  83|0x0000000085300000, 0x0000000085400000, 0x0000000085400000|100%| O|  |TAMS 0x0000000085300000, 0x0000000085300000| Untracked 
|  84|0x0000000085400000, 0x0000000085400000, 0x0000000085500000|  0%| F|  |TAMS 0x0000000085400000, 0x0000000085400000| Untracked 
|  85|0x0000000085500000, 0x0000000085500000, 0x0000000085600000|  0%| F|  |TAMS 0x0000000085500000, 0x0000000085500000| Untracked 
|  86|0x0000000085600000, 0x0000000085700000, 0x0000000085700000|100%| O|  |TAMS 0x0000000085600000, 0x0000000085600000| Untracked 
|  87|0x0000000085700000, 0x0000000085800000, 0x0000000085800000|100%| O|  |TAMS 0x0000000085800000, 0x0000000085700000| Untracked 
|  88|0x0000000085800000, 0x0000000085900000, 0x0000000085900000|100%| O|  |TAMS 0x0000000085800000, 0x0000000085800000| Untracked 
|  89|0x0000000085900000, 0x0000000085a00000, 0x0000000085a00000|100%| O|  |TAMS 0x0000000085a00000, 0x0000000085900000| Untracked 
|  90|0x0000000085a00000, 0x0000000085b00000, 0x0000000085b00000|100%| O|  |TAMS 0x0000000085b00000, 0x0000000085a00000| Untracked 
|  91|0x0000000085b00000, 0x0000000085c00000, 0x0000000085c00000|100%| O|  |TAMS 0x0000000085c00000, 0x0000000085b00000| Untracked 
|  92|0x0000000085c00000, 0x0000000085d00000, 0x0000000085d00000|100%| O|  |TAMS 0x0000000085d00000, 0x0000000085c00000| Untracked 
|  93|0x0000000085d00000, 0x0000000085e00000, 0x0000000085e00000|100%| O|  |TAMS 0x0000000085e00000, 0x0000000085d00000| Untracked 
|  94|0x0000000085e00000, 0x0000000085f00000, 0x0000000085f00000|100%| O|  |TAMS 0x0000000085f00000, 0x0000000085e00000| Untracked 
|  95|0x0000000085f00000, 0x0000000086000000, 0x0000000086000000|100%| O|  |TAMS 0x0000000085f00000, 0x0000000085f00000| Untracked 
|  96|0x0000000086000000, 0x0000000086100000, 0x0000000086100000|100%| O|  |TAMS 0x0000000086100000, 0x0000000086000000| Untracked 
|  97|0x0000000086100000, 0x0000000086200000, 0x0000000086200000|100%| O|  |TAMS 0x0000000086200000, 0x0000000086100000| Untracked 
|  98|0x0000000086200000, 0x0000000086300000, 0x0000000086300000|100%| O|  |TAMS 0x0000000086300000, 0x0000000086200000| Untracked 
|  99|0x0000000086300000, 0x0000000086300000, 0x0000000086400000|  0%| F|  |TAMS 0x0000000086300000, 0x0000000086300000| Untracked 
| 100|0x0000000086400000, 0x0000000086500000, 0x0000000086500000|100%| O|  |TAMS 0x0000000086500000, 0x0000000086400000| Untracked 
| 101|0x0000000086500000, 0x0000000086500000, 0x0000000086600000|  0%| F|  |TAMS 0x0000000086500000, 0x0000000086500000| Untracked 
| 102|0x0000000086600000, 0x0000000086600000, 0x0000000086700000|  0%| F|  |TAMS 0x0000000086600000, 0x0000000086600000| Untracked 
| 103|0x0000000086700000, 0x0000000086700000, 0x0000000086800000|  0%| F|  |TAMS 0x0000000086700000, 0x0000000086700000| Untracked 
| 104|0x0000000086800000, 0x0000000086800000, 0x0000000086900000|  0%| F|  |TAMS 0x0000000086800000, 0x0000000086800000| Untracked 
| 105|0x0000000086900000, 0x0000000086a00000, 0x0000000086a00000|100%| O|  |TAMS 0x0000000086a00000, 0x0000000086900000| Untracked 
| 106|0x0000000086a00000, 0x0000000086a00000, 0x0000000086b00000|  0%| F|  |TAMS 0x0000000086a00000, 0x0000000086a00000| Untracked 
| 107|0x0000000086b00000, 0x0000000086c00000, 0x0000000086c00000|100%| O|  |TAMS 0x0000000086c00000, 0x0000000086b00000| Untracked 
| 108|0x0000000086c00000, 0x0000000086c00000, 0x0000000086d00000|  0%| F|  |TAMS 0x0000000086c00000, 0x0000000086c00000| Untracked 
| 109|0x0000000086d00000, 0x0000000086d00000, 0x0000000086e00000|  0%| F|  |TAMS 0x0000000086d00000, 0x0000000086d00000| Untracked 
| 110|0x0000000086e00000, 0x0000000086f00000, 0x0000000086f00000|100%| O|  |TAMS 0x0000000086f00000, 0x0000000086e00000| Untracked 
| 111|0x0000000086f00000, 0x0000000087000000, 0x0000000087000000|100%| O|  |TAMS 0x0000000086f00000, 0x0000000086f00000| Untracked 
| 112|0x0000000087000000, 0x0000000087000000, 0x0000000087100000|  0%| F|  |TAMS 0x0000000087000000, 0x0000000087000000| Untracked 
| 113|0x0000000087100000, 0x0000000087100000, 0x0000000087200000|  0%| F|  |TAMS 0x0000000087100000, 0x0000000087100000| Untracked 
| 114|0x0000000087200000, 0x0000000087200000, 0x0000000087300000|  0%| F|  |TAMS 0x0000000087200000, 0x0000000087200000| Untracked 
| 115|0x0000000087300000, 0x0000000087400000, 0x0000000087400000|100%| O|  |TAMS 0x0000000087400000, 0x0000000087300000| Untracked 
| 116|0x0000000087400000, 0x0000000087400000, 0x0000000087500000|  0%| F|  |TAMS 0x0000000087400000, 0x0000000087400000| Untracked 
| 117|0x0000000087500000, 0x0000000087500000, 0x0000000087600000|  0%| F|  |TAMS 0x0000000087500000, 0x0000000087500000| Untracked 
| 118|0x0000000087600000, 0x0000000087700000, 0x0000000087700000|100%| O|  |TAMS 0x0000000087700000, 0x0000000087600000| Untracked 
| 119|0x0000000087700000, 0x0000000087700000, 0x0000000087800000|  0%| F|  |TAMS 0x0000000087700000, 0x0000000087700000| Untracked 
| 120|0x0000000087800000, 0x0000000087800000, 0x0000000087900000|  0%| F|  |TAMS 0x0000000087800000, 0x0000000087800000| Untracked 
| 121|0x0000000087900000, 0x0000000087900000, 0x0000000087a00000|  0%| F|  |TAMS 0x0000000087900000, 0x0000000087900000| Untracked 
| 122|0x0000000087a00000, 0x0000000087a00000, 0x0000000087b00000|  0%| F|  |TAMS 0x0000000087a00000, 0x0000000087a00000| Untracked 
| 123|0x0000000087b00000, 0x0000000087b00000, 0x0000000087c00000|  0%| F|  |TAMS 0x0000000087b00000, 0x0000000087b00000| Untracked 
| 124|0x0000000087c00000, 0x0000000087c00000, 0x0000000087d00000|  0%| F|  |TAMS 0x0000000087c00000, 0x0000000087c00000| Untracked 
| 125|0x0000000087d00000, 0x0000000087d00000, 0x0000000087e00000|  0%| F|  |TAMS 0x0000000087d00000, 0x0000000087d00000| Untracked 
| 126|0x0000000087e00000, 0x0000000087e00000, 0x0000000087f00000|  0%| F|  |TAMS 0x0000000087e00000, 0x0000000087e00000| Untracked 
| 127|0x0000000087f00000, 0x0000000087f00000, 0x0000000088000000|  0%| F|  |TAMS 0x0000000087f00000, 0x0000000087f00000| Untracked 
| 128|0x0000000088000000, 0x0000000088000000, 0x0000000088100000|  0%| F|  |TAMS 0x0000000088000000, 0x0000000088000000| Untracked 
| 129|0x0000000088100000, 0x0000000088100000, 0x0000000088200000|  0%| F|  |TAMS 0x0000000088100000, 0x0000000088100000| Untracked 
| 130|0x0000000088200000, 0x0000000088300000, 0x0000000088300000|100%| O|  |TAMS 0x0000000088300000, 0x0000000088200000| Untracked 
| 131|0x0000000088300000, 0x0000000088400000, 0x0000000088400000|100%| O|  |TAMS 0x0000000088400000, 0x0000000088300000| Untracked 
| 132|0x0000000088400000, 0x0000000088500000, 0x0000000088500000|100%| O|  |TAMS 0x0000000088500000, 0x0000000088400000| Untracked 
| 133|0x0000000088500000, 0x0000000088500000, 0x0000000088600000|  0%| F|  |TAMS 0x0000000088500000, 0x0000000088500000| Untracked 
| 134|0x0000000088600000, 0x0000000088600000, 0x0000000088700000|  0%| F|  |TAMS 0x0000000088600000, 0x0000000088600000| Untracked 
| 135|0x0000000088700000, 0x0000000088800000, 0x0000000088800000|100%| O|  |TAMS 0x0000000088800000, 0x0000000088700000| Untracked 
| 136|0x0000000088800000, 0x0000000088900000, 0x0000000088900000|100%| O|  |TAMS 0x0000000088900000, 0x0000000088800000| Untracked 
| 137|0x0000000088900000, 0x0000000088a00000, 0x0000000088a00000|100%| O|  |TAMS 0x0000000088a00000, 0x0000000088900000| Untracked 
| 138|0x0000000088a00000, 0x0000000088b00000, 0x0000000088b00000|100%| O|  |TAMS 0x0000000088b00000, 0x0000000088a00000| Untracked 
| 139|0x0000000088b00000, 0x0000000088c00000, 0x0000000088c00000|100%| O|  |TAMS 0x0000000088c00000, 0x0000000088b00000| Untracked 
| 140|0x0000000088c00000, 0x0000000088d00000, 0x0000000088d00000|100%| O|  |TAMS 0x0000000088d00000, 0x0000000088c00000| Untracked 
| 141|0x0000000088d00000, 0x0000000088e00000, 0x0000000088e00000|100%| O|  |TAMS 0x0000000088e00000, 0x0000000088d00000| Untracked 
| 142|0x0000000088e00000, 0x0000000088f00000, 0x0000000088f00000|100%| O|  |TAMS 0x0000000088f00000, 0x0000000088e00000| Untracked 
| 143|0x0000000088f00000, 0x0000000088f00000, 0x0000000089000000|  0%| F|  |TAMS 0x0000000088f00000, 0x0000000088f00000| Untracked 
| 144|0x0000000089000000, 0x0000000089000000, 0x0000000089100000|  0%| F|  |TAMS 0x0000000089000000, 0x0000000089000000| Untracked 
| 145|0x0000000089100000, 0x0000000089100000, 0x0000000089200000|  0%| F|  |TAMS 0x0000000089100000, 0x0000000089100000| Untracked 
| 146|0x0000000089200000, 0x0000000089200000, 0x0000000089300000|  0%| F|  |TAMS 0x0000000089200000, 0x0000000089200000| Untracked 
| 147|0x0000000089300000, 0x0000000089300000, 0x0000000089400000|  0%| F|  |TAMS 0x0000000089300000, 0x0000000089300000| Untracked 
| 148|0x0000000089400000, 0x0000000089400000, 0x0000000089500000|  0%| F|  |TAMS 0x0000000089400000, 0x0000000089400000| Untracked 
| 149|0x0000000089500000, 0x0000000089500000, 0x0000000089600000|  0%| F|  |TAMS 0x0000000089500000, 0x0000000089500000| Untracked 
| 150|0x0000000089600000, 0x0000000089600000, 0x0000000089700000|  0%| F|  |TAMS 0x0000000089600000, 0x0000000089600000| Untracked 
| 151|0x0000000089700000, 0x0000000089800000, 0x0000000089800000|100%| O|  |TAMS 0x0000000089800000, 0x0000000089700000| Untracked 
| 152|0x0000000089800000, 0x0000000089900000, 0x0000000089900000|100%| O|  |TAMS 0x0000000089900000, 0x0000000089800000| Untracked 
| 153|0x0000000089900000, 0x0000000089a00000, 0x0000000089a00000|100%| O|  |TAMS 0x0000000089a00000, 0x0000000089900000| Untracked 
| 154|0x0000000089a00000, 0x0000000089b00000, 0x0000000089b00000|100%| O|  |TAMS 0x0000000089b00000, 0x0000000089a00000| Untracked 
| 155|0x0000000089b00000, 0x0000000089c00000, 0x0000000089c00000|100%| O|  |TAMS 0x0000000089c00000, 0x0000000089b00000| Untracked 
| 156|0x0000000089c00000, 0x0000000089c00000, 0x0000000089d00000|  0%| F|  |TAMS 0x0000000089c00000, 0x0000000089c00000| Untracked 
| 157|0x0000000089d00000, 0x0000000089e00000, 0x0000000089e00000|100%| O|  |TAMS 0x0000000089e00000, 0x0000000089d00000| Untracked 
| 158|0x0000000089e00000, 0x0000000089e00000, 0x0000000089f00000|  0%| F|  |TAMS 0x0000000089e00000, 0x0000000089e00000| Untracked 
| 159|0x0000000089f00000, 0x0000000089f00000, 0x000000008a000000|  0%| F|  |TAMS 0x0000000089f00000, 0x0000000089f00000| Untracked 
| 160|0x000000008a000000, 0x000000008a100000, 0x000000008a100000|100%| O|  |TAMS 0x000000008a100000, 0x000000008a000000| Untracked 
| 161|0x000000008a100000, 0x000000008a200000, 0x000000008a200000|100%| O|  |TAMS 0x000000008a200000, 0x000000008a100000| Untracked 
| 162|0x000000008a200000, 0x000000008a200000, 0x000000008a300000|  0%| F|  |TAMS 0x000000008a200000, 0x000000008a200000| Untracked 
| 163|0x000000008a300000, 0x000000008a300000, 0x000000008a400000|  0%| F|  |TAMS 0x000000008a300000, 0x000000008a300000| Untracked 
| 164|0x000000008a400000, 0x000000008a400000, 0x000000008a500000|  0%| F|  |TAMS 0x000000008a400000, 0x000000008a400000| Untracked 
| 165|0x000000008a500000, 0x000000008a500000, 0x000000008a600000|  0%| F|  |TAMS 0x000000008a500000, 0x000000008a500000| Untracked 
| 166|0x000000008a600000, 0x000000008a600000, 0x000000008a700000|  0%| F|  |TAMS 0x000000008a600000, 0x000000008a600000| Untracked 
| 167|0x000000008a700000, 0x000000008a700000, 0x000000008a800000|  0%| F|  |TAMS 0x000000008a700000, 0x000000008a700000| Untracked 
| 168|0x000000008a800000, 0x000000008a800000, 0x000000008a900000|  0%| F|  |TAMS 0x000000008a800000, 0x000000008a800000| Untracked 
| 169|0x000000008a900000, 0x000000008a900000, 0x000000008aa00000|  0%| F|  |TAMS 0x000000008a900000, 0x000000008a900000| Untracked 
| 170|0x000000008aa00000, 0x000000008aa00000, 0x000000008ab00000|  0%| F|  |TAMS 0x000000008aa00000, 0x000000008aa00000| Untracked 
| 171|0x000000008ab00000, 0x000000008ab00000, 0x000000008ac00000|  0%| F|  |TAMS 0x000000008ab00000, 0x000000008ab00000| Untracked 
| 172|0x000000008ac00000, 0x000000008ac00000, 0x000000008ad00000|  0%| F|  |TAMS 0x000000008ac00000, 0x000000008ac00000| Untracked 
| 173|0x000000008ad00000, 0x000000008ae00000, 0x000000008ae00000|100%| O|  |TAMS 0x000000008ae00000, 0x000000008ad00000| Untracked 
| 174|0x000000008ae00000, 0x000000008ae00000, 0x000000008af00000|  0%| F|  |TAMS 0x000000008ae00000, 0x000000008ae00000| Untracked 
| 175|0x000000008af00000, 0x000000008af00000, 0x000000008b000000|  0%| F|  |TAMS 0x000000008af00000, 0x000000008af00000| Untracked 
| 176|0x000000008b000000, 0x000000008b000000, 0x000000008b100000|  0%| F|  |TAMS 0x000000008b000000, 0x000000008b000000| Untracked 
| 177|0x000000008b100000, 0x000000008b100000, 0x000000008b200000|  0%| F|  |TAMS 0x000000008b100000, 0x000000008b100000| Untracked 
| 178|0x000000008b200000, 0x000000008b200000, 0x000000008b300000|  0%| F|  |TAMS 0x000000008b200000, 0x000000008b200000| Untracked 
| 179|0x000000008b300000, 0x000000008b300000, 0x000000008b400000|  0%| F|  |TAMS 0x000000008b300000, 0x000000008b300000| Untracked 
| 180|0x000000008b400000, 0x000000008b400000, 0x000000008b500000|  0%| F|  |TAMS 0x000000008b400000, 0x000000008b400000| Untracked 
| 181|0x000000008b500000, 0x000000008b600000, 0x000000008b600000|100%| O|  |TAMS 0x000000008b600000, 0x000000008b500000| Untracked 
| 182|0x000000008b600000, 0x000000008b600000, 0x000000008b700000|  0%| F|  |TAMS 0x000000008b600000, 0x000000008b600000| Untracked 
| 183|0x000000008b700000, 0x000000008b700000, 0x000000008b800000|  0%| F|  |TAMS 0x000000008b700000, 0x000000008b700000| Untracked 
| 184|0x000000008b800000, 0x000000008b800000, 0x000000008b900000|  0%| F|  |TAMS 0x000000008b800000, 0x000000008b800000| Untracked 
| 185|0x000000008b900000, 0x000000008b900000, 0x000000008ba00000|  0%| F|  |TAMS 0x000000008b900000, 0x000000008b900000| Untracked 
| 186|0x000000008ba00000, 0x000000008ba00000, 0x000000008bb00000|  0%| F|  |TAMS 0x000000008ba00000, 0x000000008ba00000| Untracked 
| 187|0x000000008bb00000, 0x000000008bc00000, 0x000000008bc00000|100%| O|  |TAMS 0x000000008bb92000, 0x000000008bb00000| Untracked 
| 188|0x000000008bc00000, 0x000000008bc00000, 0x000000008bd00000|  0%| F|  |TAMS 0x000000008bc00000, 0x000000008bc00000| Untracked 
| 189|0x000000008bd00000, 0x000000008bd00000, 0x000000008be00000|  0%| F|  |TAMS 0x000000008bd00000, 0x000000008bd00000| Untracked 
| 190|0x000000008be00000, 0x000000008be00000, 0x000000008bf00000|  0%| F|  |TAMS 0x000000008be00000, 0x000000008be00000| Untracked 
| 191|0x000000008bf00000, 0x000000008bf00000, 0x000000008c000000|  0%| F|  |TAMS 0x000000008bf00000, 0x000000008bf00000| Untracked 
| 192|0x000000008c000000, 0x000000008c000000, 0x000000008c100000|  0%| F|  |TAMS 0x000000008c000000, 0x000000008c000000| Untracked 
| 193|0x000000008c100000, 0x000000008c100000, 0x000000008c200000|  0%| F|  |TAMS 0x000000008c100000, 0x000000008c100000| Untracked 
| 194|0x000000008c200000, 0x000000008c200000, 0x000000008c300000|  0%| F|  |TAMS 0x000000008c200000, 0x000000008c200000| Untracked 
| 195|0x000000008c300000, 0x000000008c300000, 0x000000008c400000|  0%| F|  |TAMS 0x000000008c300000, 0x000000008c300000| Untracked 
| 196|0x000000008c400000, 0x000000008c400000, 0x000000008c500000|  0%| F|  |TAMS 0x000000008c400000, 0x000000008c400000| Untracked 
| 197|0x000000008c500000, 0x000000008c500000, 0x000000008c600000|  0%| F|  |TAMS 0x000000008c500000, 0x000000008c500000| Untracked 
| 198|0x000000008c600000, 0x000000008c600000, 0x000000008c700000|  0%| F|  |TAMS 0x000000008c600000, 0x000000008c600000| Untracked 
| 199|0x000000008c700000, 0x000000008c700000, 0x000000008c800000|  0%| F|  |TAMS 0x000000008c700000, 0x000000008c700000| Untracked 
| 200|0x000000008c800000, 0x000000008c900000, 0x000000008c900000|100%| O|  |TAMS 0x000000008c900000, 0x000000008c800000| Untracked 
| 201|0x000000008c900000, 0x000000008c900000, 0x000000008ca00000|  0%| F|  |TAMS 0x000000008c900000, 0x000000008c900000| Untracked 
| 202|0x000000008ca00000, 0x000000008ca00000, 0x000000008cb00000|  0%| F|  |TAMS 0x000000008ca00000, 0x000000008ca00000| Untracked 
| 203|0x000000008cb00000, 0x000000008cb00000, 0x000000008cc00000|  0%| F|  |TAMS 0x000000008cb00000, 0x000000008cb00000| Untracked 
| 204|0x000000008cc00000, 0x000000008cc00000, 0x000000008cd00000|  0%| F|  |TAMS 0x000000008cc00000, 0x000000008cc00000| Untracked 
| 205|0x000000008cd00000, 0x000000008cd00000, 0x000000008ce00000|  0%| F|  |TAMS 0x000000008cd00000, 0x000000008cd00000| Untracked 
| 206|0x000000008ce00000, 0x000000008ce00000, 0x000000008cf00000|  0%| F|  |TAMS 0x000000008ce00000, 0x000000008ce00000| Untracked 
| 207|0x000000008cf00000, 0x000000008cf00000, 0x000000008d000000|  0%| F|  |TAMS 0x000000008cf00000, 0x000000008cf00000| Untracked 
| 208|0x000000008d000000, 0x000000008d000000, 0x000000008d100000|  0%| F|  |TAMS 0x000000008d000000, 0x000000008d000000| Untracked 
| 209|0x000000008d100000, 0x000000008d100000, 0x000000008d200000|  0%| F|  |TAMS 0x000000008d100000, 0x000000008d100000| Untracked 
| 210|0x000000008d200000, 0x000000008d200000, 0x000000008d300000|  0%| F|  |TAMS 0x000000008d200000, 0x000000008d200000| Untracked 
| 211|0x000000008d300000, 0x000000008d300000, 0x000000008d400000|  0%| F|  |TAMS 0x000000008d300000, 0x000000008d300000| Untracked 
| 212|0x000000008d400000, 0x000000008d400000, 0x000000008d500000|  0%| F|  |TAMS 0x000000008d400000, 0x000000008d400000| Untracked 
| 213|0x000000008d500000, 0x000000008d500000, 0x000000008d600000|  0%| F|  |TAMS 0x000000008d500000, 0x000000008d500000| Untracked 
| 214|0x000000008d600000, 0x000000008d600000, 0x000000008d700000|  0%| F|  |TAMS 0x000000008d600000, 0x000000008d600000| Untracked 
| 215|0x000000008d700000, 0x000000008d700000, 0x000000008d800000|  0%| F|  |TAMS 0x000000008d700000, 0x000000008d700000| Untracked 
| 216|0x000000008d800000, 0x000000008d800000, 0x000000008d900000|  0%| F|  |TAMS 0x000000008d800000, 0x000000008d800000| Untracked 
| 217|0x000000008d900000, 0x000000008d900000, 0x000000008da00000|  0%| F|  |TAMS 0x000000008d900000, 0x000000008d900000| Untracked 
| 218|0x000000008da00000, 0x000000008da00000, 0x000000008db00000|  0%| F|  |TAMS 0x000000008da00000, 0x000000008da00000| Untracked 
| 219|0x000000008db00000, 0x000000008db00000, 0x000000008dc00000|  0%| F|  |TAMS 0x000000008db00000, 0x000000008db00000| Untracked 
| 220|0x000000008dc00000, 0x000000008dc00000, 0x000000008dd00000|  0%| F|  |TAMS 0x000000008dc00000, 0x000000008dc00000| Untracked 
| 221|0x000000008dd00000, 0x000000008dd00000, 0x000000008de00000|  0%| F|  |TAMS 0x000000008dd00000, 0x000000008dd00000| Untracked 
| 222|0x000000008de00000, 0x000000008de00000, 0x000000008df00000|  0%| F|  |TAMS 0x000000008de00000, 0x000000008de00000| Untracked 
| 223|0x000000008df00000, 0x000000008df00000, 0x000000008e000000|  0%| F|  |TAMS 0x000000008df00000, 0x000000008df00000| Untracked 
| 224|0x000000008e000000, 0x000000008e000000, 0x000000008e100000|  0%| F|  |TAMS 0x000000008e000000, 0x000000008e000000| Untracked 
| 225|0x000000008e100000, 0x000000008e100000, 0x000000008e200000|  0%| F|  |TAMS 0x000000008e100000, 0x000000008e100000| Untracked 
| 226|0x000000008e200000, 0x000000008e200000, 0x000000008e300000|  0%| F|  |TAMS 0x000000008e200000, 0x000000008e200000| Untracked 
| 227|0x000000008e300000, 0x000000008e300000, 0x000000008e400000|  0%| F|  |TAMS 0x000000008e300000, 0x000000008e300000| Untracked 
| 228|0x000000008e400000, 0x000000008e400000, 0x000000008e500000|  0%| F|  |TAMS 0x000000008e400000, 0x000000008e400000| Untracked 
| 229|0x000000008e500000, 0x000000008e500000, 0x000000008e600000|  0%| F|  |TAMS 0x000000008e500000, 0x000000008e500000| Untracked 
| 230|0x000000008e600000, 0x000000008e600000, 0x000000008e700000|  0%| F|  |TAMS 0x000000008e600000, 0x000000008e600000| Untracked 
| 231|0x000000008e700000, 0x000000008e700000, 0x000000008e800000|  0%| F|  |TAMS 0x000000008e700000, 0x000000008e700000| Untracked 
| 232|0x000000008e800000, 0x000000008e800000, 0x000000008e900000|  0%| F|  |TAMS 0x000000008e800000, 0x000000008e800000| Untracked 
| 233|0x000000008e900000, 0x000000008e900000, 0x000000008ea00000|  0%| F|  |TAMS 0x000000008e900000, 0x000000008e900000| Untracked 
| 234|0x000000008ea00000, 0x000000008ea00000, 0x000000008eb00000|  0%| F|  |TAMS 0x000000008ea00000, 0x000000008ea00000| Untracked 
| 235|0x000000008eb00000, 0x000000008eb00000, 0x000000008ec00000|  0%| F|  |TAMS 0x000000008eb00000, 0x000000008eb00000| Untracked 
| 236|0x000000008ec00000, 0x000000008ec00000, 0x000000008ed00000|  0%| F|  |TAMS 0x000000008ec00000, 0x000000008ec00000| Untracked 
| 237|0x000000008ed00000, 0x000000008ed00000, 0x000000008ee00000|  0%| F|  |TAMS 0x000000008ed00000, 0x000000008ed00000| Untracked 
| 238|0x000000008ee00000, 0x000000008ee00000, 0x000000008ef00000|  0%| F|  |TAMS 0x000000008ee00000, 0x000000008ee00000| Untracked 
| 239|0x000000008ef00000, 0x000000008ef00000, 0x000000008f000000|  0%| F|  |TAMS 0x000000008ef00000, 0x000000008ef00000| Untracked 
| 240|0x000000008f000000, 0x000000008f000000, 0x000000008f100000|  0%| F|  |TAMS 0x000000008f000000, 0x000000008f000000| Untracked 
| 241|0x000000008f100000, 0x000000008f100000, 0x000000008f200000|  0%| F|  |TAMS 0x000000008f100000, 0x000000008f100000| Untracked 
| 242|0x000000008f200000, 0x000000008f200000, 0x000000008f300000|  0%| F|  |TAMS 0x000000008f200000, 0x000000008f200000| Untracked 
| 243|0x000000008f300000, 0x000000008f300000, 0x000000008f400000|  0%| F|  |TAMS 0x000000008f300000, 0x000000008f300000| Untracked 
| 244|0x000000008f400000, 0x000000008f400000, 0x000000008f500000|  0%| F|  |TAMS 0x000000008f400000, 0x000000008f400000| Untracked 
| 245|0x000000008f500000, 0x000000008f500000, 0x000000008f600000|  0%| F|  |TAMS 0x000000008f500000, 0x000000008f500000| Untracked 
| 246|0x000000008f600000, 0x000000008f600000, 0x000000008f700000|  0%| F|  |TAMS 0x000000008f600000, 0x000000008f600000| Untracked 
| 247|0x000000008f700000, 0x000000008f700000, 0x000000008f800000|  0%| F|  |TAMS 0x000000008f700000, 0x000000008f700000| Untracked 
| 248|0x000000008f800000, 0x000000008f800000, 0x000000008f900000|  0%| F|  |TAMS 0x000000008f800000, 0x000000008f800000| Untracked 
| 249|0x000000008f900000, 0x000000008f900000, 0x000000008fa00000|  0%| F|  |TAMS 0x000000008f900000, 0x000000008f900000| Untracked 
| 250|0x000000008fa00000, 0x000000008fa00000, 0x000000008fb00000|  0%| F|  |TAMS 0x000000008fa00000, 0x000000008fa00000| Untracked 
| 251|0x000000008fb00000, 0x000000008fb00000, 0x000000008fc00000|  0%| F|  |TAMS 0x000000008fb00000, 0x000000008fb00000| Untracked 
| 252|0x000000008fc00000, 0x000000008fc00000, 0x000000008fd00000|  0%| F|  |TAMS 0x000000008fc00000, 0x000000008fc00000| Untracked 
| 253|0x000000008fd00000, 0x000000008fd00000, 0x000000008fe00000|  0%| F|  |TAMS 0x000000008fd00000, 0x000000008fd00000| Untracked 
| 254|0x000000008fe00000, 0x000000008fe00000, 0x000000008ff00000|  0%| F|  |TAMS 0x000000008fe00000, 0x000000008fe00000| Untracked 
| 255|0x000000008ff00000, 0x000000008ff00000, 0x0000000090000000|  0%| F|  |TAMS 0x000000008ff00000, 0x000000008ff00000| Untracked 
| 256|0x0000000090000000, 0x0000000090000000, 0x0000000090100000|  0%| F|  |TAMS 0x0000000090000000, 0x0000000090000000| Untracked 
| 257|0x0000000090100000, 0x0000000090200000, 0x0000000090200000|100%| S|CS|TAMS 0x0000000090100000, 0x0000000090100000| Complete 
| 258|0x0000000090200000, 0x0000000090300000, 0x0000000090300000|100%| S|CS|TAMS 0x0000000090200000, 0x0000000090200000| Complete 
| 259|0x0000000090300000, 0x0000000090300000, 0x0000000090400000|  0%| F|  |TAMS 0x0000000090300000, 0x0000000090300000| Untracked 
| 260|0x0000000090400000, 0x0000000090400000, 0x0000000090500000|  0%| F|  |TAMS 0x0000000090400000, 0x0000000090400000| Untracked 
| 261|0x0000000090500000, 0x0000000090500000, 0x0000000090600000|  0%| F|  |TAMS 0x0000000090500000, 0x0000000090500000| Untracked 
| 262|0x0000000090600000, 0x0000000090600000, 0x0000000090700000|  0%| F|  |TAMS 0x0000000090600000, 0x0000000090600000| Untracked 
| 263|0x0000000090700000, 0x0000000090700000, 0x0000000090800000|  0%| F|  |TAMS 0x0000000090700000, 0x0000000090700000| Untracked 
| 264|0x0000000090800000, 0x0000000090800000, 0x0000000090900000|  0%| F|  |TAMS 0x0000000090800000, 0x0000000090800000| Untracked 
| 265|0x0000000090900000, 0x0000000090900000, 0x0000000090a00000|  0%| F|  |TAMS 0x0000000090900000, 0x0000000090900000| Untracked 
| 266|0x0000000090a00000, 0x0000000090a00000, 0x0000000090b00000|  0%| F|  |TAMS 0x0000000090a00000, 0x0000000090a00000| Untracked 
| 267|0x0000000090b00000, 0x0000000090b00000, 0x0000000090c00000|  0%| F|  |TAMS 0x0000000090b00000, 0x0000000090b00000| Untracked 
| 268|0x0000000090c00000, 0x0000000090c00000, 0x0000000090d00000|  0%| F|  |TAMS 0x0000000090c00000, 0x0000000090c00000| Untracked 
| 269|0x0000000090d00000, 0x0000000090d00000, 0x0000000090e00000|  0%| F|  |TAMS 0x0000000090d00000, 0x0000000090d00000| Untracked 
| 270|0x0000000090e00000, 0x0000000090e00000, 0x0000000090f00000|  0%| F|  |TAMS 0x0000000090e00000, 0x0000000090e00000| Untracked 
| 271|0x0000000090f00000, 0x0000000090f00000, 0x0000000091000000|  0%| F|  |TAMS 0x0000000090f00000, 0x0000000090f00000| Untracked 
| 272|0x0000000091000000, 0x0000000091000000, 0x0000000091100000|  0%| F|  |TAMS 0x0000000091000000, 0x0000000091000000| Untracked 
| 273|0x0000000091100000, 0x0000000091100000, 0x0000000091200000|  0%| F|  |TAMS 0x0000000091100000, 0x0000000091100000| Untracked 
| 274|0x0000000091200000, 0x0000000091200000, 0x0000000091300000|  0%| F|  |TAMS 0x0000000091200000, 0x0000000091200000| Untracked 
| 275|0x0000000091300000, 0x0000000091300000, 0x0000000091400000|  0%| F|  |TAMS 0x0000000091300000, 0x0000000091300000| Untracked 
| 276|0x0000000091400000, 0x0000000091400000, 0x0000000091500000|  0%| F|  |TAMS 0x0000000091400000, 0x0000000091400000| Untracked 
| 277|0x0000000091500000, 0x0000000091500000, 0x0000000091600000|  0%| F|  |TAMS 0x0000000091500000, 0x0000000091500000| Untracked 

Card table byte_map: [0x000001e5a5fc0000,0x000001e5a63c0000] _byte_map_base: 0x000001e5a5bc0000

Marking Bits (Prev, Next): (CMBitMap*) 0x000001e593111528, (CMBitMap*) 0x000001e593111560
 Prev Bits: [0x000001e5a67c0000, 0x000001e5a87c0000)
 Next Bits: [0x000001e5a87c0000, 0x000001e5aa7c0000)

Polling page: 0x000001e590f90000

Metaspace:

Usage:
  Non-class:    129.44 MB capacity,   126.40 MB ( 98%) used,     2.48 MB (  2%) free+waste,   575.94 KB ( <1%) overhead. 
      Class:     19.55 MB capacity,    17.83 MB ( 91%) used,     1.47 MB (  8%) free+waste,   253.38 KB (  1%) overhead. 
       Both:    149.00 MB capacity,   144.24 MB ( 97%) used,     3.95 MB (  3%) free+waste,   829.31 KB ( <1%) overhead. 

Virtual space:
  Non-class space:      132.00 MB reserved,     130.25 MB ( 99%) committed 
      Class space:        1.00 GB reserved,      19.70 MB (  2%) committed 
             Both:        1.13 GB reserved,     149.95 MB ( 13%) committed 

Chunk freelists:
   Non-Class:  698.00 KB
       Class:  75.00 KB
        Both:  773.00 KB

MaxMetaspaceSize: 17179869184.00 GB
CompressedClassSpaceSize: 1.00 GB

CodeHeap 'non-profiled nmethods': size=120064Kb used=22907Kb max_used=22922Kb free=97156Kb
 bounds [0x000001e59e680000, 0x000001e59fd10000, 0x000001e5a5bc0000]
CodeHeap 'profiled nmethods': size=120000Kb used=56999Kb max_used=58558Kb free=63000Kb
 bounds [0x000001e597150000, 0x000001e59aac0000, 0x000001e59e680000]
CodeHeap 'non-nmethods': size=5696Kb used=2395Kb max_used=2471Kb free=3300Kb
 bounds [0x000001e596bc0000, 0x000001e596e40000, 0x000001e597150000]
 total_blobs=26426 nmethods=25383 adapters=953
 compilation: enabled
              stopped_count=0, restarted_count=0
 full_count=0

Compilation events (20 events):
Event: 3785.599 Thread 0x000001e5b5a9f800 nmethod 30806 0x000001e59ef1e510 code [0x000001e59ef1e820, 0x000001e59ef1fa80]
Event: 3785.600 Thread 0x000001e5accc1000 30816       4       java.util.Objects::hash (5 bytes)
Event: 3785.603 Thread 0x000001e5accc1000 nmethod 30816 0x000001e59ee30d10 code [0x000001e59ee30ea0, 0x000001e59ee30fd8]
Event: 3785.606 Thread 0x000001e5accc8000 30817       3       com.android.build.gradle.internal.services.SymbolTableBuildService$FileCacheKey::<init> (61 bytes)
Event: 3785.608 Thread 0x000001e5accc8000 nmethod 30817 0x000001e597e03e10 code [0x000001e597e04160, 0x000001e597e053e8]
Event: 3785.608 Thread 0x000001e5accc8000 30818       3       com.android.build.gradle.internal.services.SymbolTableBuildService$FileCacheKey::hashCode (17 bytes)
Event: 3785.608 Thread 0x000001e5accc8000 nmethod 30818 0x000001e597c3f090 code [0x000001e597c3f260, 0x000001e597c3f5e8]
Event: 3785.608 Thread 0x000001e5accc8000 30819       3       com.android.build.gradle.internal.services.SymbolTableBuildService$symbolTableCache$1::load (9 bytes)
Event: 3785.608 Thread 0x000001e5accc8000 nmethod 30819 0x000001e59792ea90 code [0x000001e59792ec60, 0x000001e59792ee68]
Event: 3785.639 Thread 0x000001e5accc8000 30820       3       com.google.common.collect.ImmutableSet::asList (23 bytes)
Event: 3785.640 Thread 0x000001e5accc8000 nmethod 30820 0x000001e597939b10 code [0x000001e597939ce0, 0x000001e597939f48]
Event: 3785.640 Thread 0x000001e5accc8000 30821       3       com.android.ide.common.symbols.SymbolTable::withValuesFrom (20 bytes)
Event: 3785.641 Thread 0x000001e5b5a9f800 30823 %     4       com.android.ide.common.symbols.SymbolTable::filter @ 100 (187 bytes)
Event: 3785.641 Thread 0x000001e5accc1000 30824       4       com.google.common.collect.RegularImmutableMap$KeySet::get (15 bytes)
Event: 3785.642 Thread 0x000001e5accc8000 nmethod 30821 0x000001e597e0be10 code [0x000001e597e0c200, 0x000001e597e0d9c8]
Event: 3785.642 Thread 0x000001e5accc8000 30822       3       com.android.ide.common.symbols.SymbolTable::rename (22 bytes)
Event: 3785.643 Thread 0x000001e5accc1000 nmethod 30824 0x000001e59ee30910 code [0x000001e59ee30ac0, 0x000001e59ee30b98]
Event: 3785.644 Thread 0x000001e5accc8000 nmethod 30822 0x000001e597ebc490 code [0x000001e597ebc7e0, 0x000001e597ebd988]
Event: 3785.644 Thread 0x000001e5accc8000 30825       3       com.android.ide.common.symbols.SymbolTable$Companion::merge (250 bytes)
Event: 3785.652 Thread 0x000001e5accc8000 nmethod 30825 0x000001e599525290 code [0x000001e599525a00, 0x000001e59952a3d8]

GC Heap History (20 events):
Event: 3781.089 GC heap after
{Heap after GC invocations=167 (full 0):
 garbage-first heap   total 284672K, used 171174K [0x0000000080000000, 0x0000000100000000)
  region size 1024K, 2 young (2048K), 2 survivors (2048K)
 Metaspace       used 147623K, capacity 152476K, committed 153548K, reserved 1183744K
  class space    used 18260K, capacity 20016K, committed 20172K, reserved 1048576K
}
Event: 3781.296 GC heap before
{Heap before GC invocations=167 (full 0):
 garbage-first heap   total 284672K, used 182438K [0x0000000080000000, 0x0000000100000000)
  region size 1024K, 13 young (13312K), 2 survivors (2048K)
 Metaspace       used 147629K, capacity 152476K, committed 153548K, reserved 1183744K
  class space    used 18260K, capacity 20016K, committed 20172K, reserved 1048576K
}
Event: 3781.312 GC heap after
{Heap after GC invocations=168 (full 0):
 garbage-first heap   total 284672K, used 174757K [0x0000000080000000, 0x0000000100000000)
  region size 1024K, 2 young (2048K), 2 survivors (2048K)
 Metaspace       used 147629K, capacity 152476K, committed 153548K, reserved 1183744K
  class space    used 18260K, capacity 20016K, committed 20172K, reserved 1048576K
}
Event: 3781.450 GC heap before
{Heap before GC invocations=168 (full 0):
 garbage-first heap   total 284672K, used 188069K [0x0000000080000000, 0x0000000100000000)
  region size 1024K, 13 young (13312K), 2 survivors (2048K)
 Metaspace       used 147629K, capacity 152476K, committed 153548K, reserved 1183744K
  class space    used 18260K, capacity 20016K, committed 20172K, reserved 1048576K
}
Event: 3781.465 GC heap after
{Heap after GC invocations=169 (full 0):
 garbage-first heap   total 284672K, used 177756K [0x0000000080000000, 0x0000000100000000)
  region size 1024K, 2 young (2048K), 2 survivors (2048K)
 Metaspace       used 147629K, capacity 152476K, committed 153548K, reserved 1183744K
  class space    used 18260K, capacity 20016K, committed 20172K, reserved 1048576K
}
Event: 3781.584 GC heap before
{Heap before GC invocations=169 (full 0):
 garbage-first heap   total 284672K, used 189020K [0x0000000080000000, 0x0000000100000000)
  region size 1024K, 13 young (13312K), 2 survivors (2048K)
 Metaspace       used 147633K, capacity 152476K, committed 153548K, reserved 1183744K
  class space    used 18260K, capacity 20016K, committed 20172K, reserved 1048576K
}
Event: 3781.590 GC heap after
{Heap after GC invocations=170 (full 0):
 garbage-first heap   total 284672K, used 179039K [0x0000000080000000, 0x0000000100000000)
  region size 1024K, 1 young (1024K), 1 survivors (1024K)
 Metaspace       used 147633K, capacity 152476K, committed 153548K, reserved 1183744K
  class space    used 18260K, capacity 20016K, committed 20172K, reserved 1048576K
}
Event: 3781.661 GC heap before
{Heap before GC invocations=170 (full 0):
 garbage-first heap   total 284672K, used 191327K [0x0000000080000000, 0x0000000100000000)
  region size 1024K, 13 young (13312K), 1 survivors (1024K)
 Metaspace       used 147637K, capacity 152476K, committed 153548K, reserved 1183744K
  class space    used 18260K, capacity 20016K, committed 20172K, reserved 1048576K
}
Event: 3781.665 GC heap after
{Heap after GC invocations=171 (full 0):
 garbage-first heap   total 284672K, used 178721K [0x0000000080000000, 0x0000000100000000)
  region size 1024K, 1 young (1024K), 1 survivors (1024K)
 Metaspace       used 147637K, capacity 152476K, committed 153548K, reserved 1183744K
  class space    used 18260K, capacity 20016K, committed 20172K, reserved 1048576K
}
Event: 3781.783 GC heap before
{Heap before GC invocations=171 (full 0):
 garbage-first heap   total 284672K, used 199201K [0x0000000080000000, 0x0000000100000000)
  region size 1024K, 11 young (11264K), 1 survivors (1024K)
 Metaspace       used 147639K, capacity 152476K, committed 153548K, reserved 1183744K
  class space    used 18260K, capacity 20016K, committed 20172K, reserved 1048576K
}
Event: 3781.819 GC heap after
{Heap after GC invocations=172 (full 0):
 garbage-first heap   total 284672K, used 185928K [0x0000000080000000, 0x0000000100000000)
  region size 1024K, 2 young (2048K), 2 survivors (2048K)
 Metaspace       used 147639K, capacity 152476K, committed 153548K, reserved 1183744K
  class space    used 18260K, capacity 20016K, committed 20172K, reserved 1048576K
}
Event: 3782.681 GC heap before
{Heap before GC invocations=173 (full 0):
 garbage-first heap   total 284672K, used 183880K [0x0000000080000000, 0x0000000100000000)
  region size 1024K, 19 young (19456K), 2 survivors (2048K)
 Metaspace       used 147656K, capacity 152495K, committed 153548K, reserved 1183744K
  class space    used 18261K, capacity 20019K, committed 20172K, reserved 1048576K
}
Event: 3782.740 GC heap after
{Heap after GC invocations=174 (full 0):
 garbage-first heap   total 284672K, used 163840K [0x0000000080000000, 0x0000000100000000)
  region size 1024K, 3 young (3072K), 3 survivors (3072K)
 Metaspace       used 147656K, capacity 152495K, committed 153548K, reserved 1183744K
  class space    used 18261K, capacity 20019K, committed 20172K, reserved 1048576K
}
Event: 3782.839 GC heap before
{Heap before GC invocations=174 (full 0):
 garbage-first heap   total 284672K, used 174080K [0x0000000080000000, 0x0000000100000000)
  region size 1024K, 13 young (13312K), 3 survivors (3072K)
 Metaspace       used 147656K, capacity 152495K, committed 153548K, reserved 1183744K
  class space    used 18261K, capacity 20019K, committed 20172K, reserved 1048576K
}
Event: 3782.857 GC heap after
{Heap after GC invocations=175 (full 0):
 garbage-first heap   total 284672K, used 135985K [0x0000000080000000, 0x0000000100000000)
  region size 1024K, 2 young (2048K), 2 survivors (2048K)
 Metaspace       used 147656K, capacity 152495K, committed 153548K, reserved 1183744K
  class space    used 18261K, capacity 20019K, committed 20172K, reserved 1048576K
}
Event: 3783.080 GC heap before
{Heap before GC invocations=175 (full 0):
 garbage-first heap   total 284672K, used 147249K [0x0000000080000000, 0x0000000100000000)
  region size 1024K, 13 young (13312K), 2 survivors (2048K)
 Metaspace       used 147662K, capacity 152495K, committed 153548K, reserved 1183744K
  class space    used 18261K, capacity 20019K, committed 20172K, reserved 1048576K
}
Event: 3783.110 GC heap after
{Heap after GC invocations=176 (full 0):
 garbage-first heap   total 284672K, used 128027K [0x0000000080000000, 0x0000000100000000)
  region size 1024K, 1 young (1024K), 1 survivors (1024K)
 Metaspace       used 147662K, capacity 152495K, committed 153548K, reserved 1183744K
  class space    used 18261K, capacity 20019K, committed 20172K, reserved 1048576K
}
Event: 3785.554 GC heap before
{Heap before GC invocations=176 (full 0):
 garbage-first heap   total 284672K, used 140315K [0x0000000080000000, 0x0000000100000000)
  region size 1024K, 13 young (13312K), 1 survivors (1024K)
 Metaspace       used 147682K, capacity 152507K, committed 153548K, reserved 1183744K
  class space    used 18262K, capacity 20021K, committed 20172K, reserved 1048576K
}
Event: 3785.582 GC heap after
{Heap after GC invocations=177 (full 0):
 garbage-first heap   total 284672K, used 128997K [0x0000000080000000, 0x0000000100000000)
  region size 1024K, 2 young (2048K), 2 survivors (2048K)
 Metaspace       used 147682K, capacity 152507K, committed 153548K, reserved 1183744K
  class space    used 18262K, capacity 20021K, committed 20172K, reserved 1048576K
}
Event: 3785.663 GC heap before
{Heap before GC invocations=177 (full 0):
 garbage-first heap   total 284672K, used 146405K [0x0000000080000000, 0x0000000100000000)
  region size 1024K, 19 young (19456K), 2 survivors (2048K)
 Metaspace       used 147697K, capacity 152571K, committed 153548K, reserved 1183744K
  class space    used 18262K, capacity 20021K, committed 20172K, reserved 1048576K
}

Deoptimization events (20 events):
Event: 3731.504 Thread 0x000001e5b19d0000 DEOPT PACKING pc=0x000001e59e940810 sp=0x0000007d2befac50
Event: 3731.504 Thread 0x000001e5b19d0000 DEOPT UNPACKING pc=0x000001e596be6ca9 sp=0x0000007d2befab30 mode 2
Event: 3731.512 Thread 0x000001e5b7d08800 Uncommon trap: trap_request=0xffffff4d fr.pc=0x000001e59f8f5354 relative=0x0000000000001b14
Event: 3731.512 Thread 0x000001e5b7d08800 Uncommon trap: reason=unstable_if action=reinterpret pc=0x000001e59f8f5354 method=java.util.concurrent.ThreadPoolExecutor.getTask()Ljava/lang/Runnable; @ 36 c2
Event: 3731.512 Thread 0x000001e5b7d08800 DEOPT PACKING pc=0x000001e59f8f5354 sp=0x0000007d2e3ff2a0
Event: 3731.512 Thread 0x000001e5b7d08800 DEOPT UNPACKING pc=0x000001e596be6ca9 sp=0x0000007d2e3ff2a0 mode 2
Event: 3731.543 Thread 0x000001e5b19d0000 Uncommon trap: trap_request=0xffffff4d fr.pc=0x000001e59ef55cc0 relative=0x00000000000006e0
Event: 3731.543 Thread 0x000001e5b19d0000 Uncommon trap: reason=unstable_if action=reinterpret pc=0x000001e59ef55cc0 method=java.lang.ref.SoftReference.get()Ljava/lang/Object; @ 6 c2
Event: 3731.543 Thread 0x000001e5b19d0000 DEOPT PACKING pc=0x000001e59ef55cc0 sp=0x0000007d2befa190
Event: 3731.544 Thread 0x000001e5b19d0000 DEOPT UNPACKING pc=0x000001e596be6ca9 sp=0x0000007d2befa068 mode 2
Event: 3780.368 Thread 0x000001e5b19d0000 Uncommon trap: trap_request=0xfffffff4 fr.pc=0x000001e59eaa1528 relative=0x00000000000008c8
Event: 3780.368 Thread 0x000001e5b19d0000 Uncommon trap: reason=null_check action=make_not_entrant pc=0x000001e59eaa1528 method=java.lang.ThreadLocal$ThreadLocalMap.set(Ljava/lang/ThreadLocal;Ljava/lang/Object;)V @ 36 c2
Event: 3780.368 Thread 0x000001e5b19d0000 DEOPT PACKING pc=0x000001e59eaa1528 sp=0x0000007d2befb6d0
Event: 3780.368 Thread 0x000001e5b19d0000 DEOPT UNPACKING pc=0x000001e596be6ca9 sp=0x0000007d2befb680 mode 2
Event: 3780.372 Thread 0x000001e5b19d0000 Uncommon trap: trap_request=0xfffffff4 fr.pc=0x000001e59ed7b828 relative=0x0000000000000568
Event: 3780.372 Thread 0x000001e5b19d0000 Uncommon trap: reason=null_check action=make_not_entrant pc=0x000001e59ed7b828 method=java.lang.ThreadLocal$ThreadLocalMap.expungeStaleEntry(I)I @ 51 c2
Event: 3780.372 Thread 0x000001e5b19d0000 DEOPT PACKING pc=0x000001e59ed7b828 sp=0x0000007d2befaad0
Event: 3780.372 Thread 0x000001e5b19d0000 DEOPT UNPACKING pc=0x000001e596be6ca9 sp=0x0000007d2befaa70 mode 2
Event: 3785.526 Thread 0x000001e5b5aa4800 DEOPT PACKING pc=0x000001e59a49efaa sp=0x0000007d2dffdfc0
Event: 3785.526 Thread 0x000001e5b5aa4800 DEOPT UNPACKING pc=0x000001e596be6abf sp=0x0000007d2dffd670 mode 0

Classes redefined (0 events):
No events

Internal exceptions (20 events):
Event: 3731.287 Thread 0x000001e5b7d0a000 Exception <a 'sun/nio/fs/WindowsException'{0x000000008e77f138}> (0x000000008e77f138) thrown at [./src/hotspot/share/prims/jni.cpp, line 615]
Event: 3731.437 Thread 0x000001e5b7d0a000 Implicit null exception at 0x000001e59ebce560 to 0x000001e59ebd0eac
Event: 3731.470 Thread 0x000001e5b7d0a000 Implicit null exception at 0x000001e59ef7e17c to 0x000001e59ef7e530
Event: 3731.471 Thread 0x000001e5b7d0a000 Implicit null exception at 0x000001e59efab2d6 to 0x000001e59efab674
Event: 3731.504 Thread 0x000001e5b19d0000 Implicit null exception at 0x000001e59e94024e to 0x000001e59e9407f4
Event: 3731.543 Thread 0x000001e5b19d0000 Implicit null exception at 0x000001e59ef5564e to 0x000001e59ef55ca4
Event: 3731.635 Thread 0x000001e5b19c4800 Exception <a 'java/lang/NoSuchMethodError'{0x000000008e170028}: <clinit>> (0x000000008e170028) thrown at [./src/hotspot/share/prims/jni.cpp, line 1362]
Event: 3731.636 Thread 0x000001e5b19c4800 Exception <a 'java/lang/NoSuchMethodError'{0x000000008e17ee10}: <clinit>> (0x000000008e17ee10) thrown at [./src/hotspot/share/prims/jni.cpp, line 1362]
Event: 3780.368 Thread 0x000001e5b19d0000 Implicit null exception at 0x000001e59eaa0d07 to 0x000001e59eaa1510
Event: 3780.372 Thread 0x000001e5b19d0000 Implicit null exception at 0x000001e59ed7b378 to 0x000001e59ed7b80c
Event: 3780.443 Thread 0x000001e5b19d0000 Exception <a 'sun/nio/fs/WindowsException'{0x0000000090b6de08}> (0x0000000090b6de08) thrown at [./src/hotspot/share/prims/jni.cpp, line 615]
Event: 3780.539 Thread 0x000001e5b19d0000 Exception <a 'java/lang/NoClassDefFoundError'{0x00000000915e8710}: org/jetbrains/kotlin/gradle/plugin/KotlinBasePluginWrapper> (0x00000000915e8710) thrown at [./src/hotspot/share/oops/constantPool.cpp, line 775]
Event: 3780.568 Thread 0x000001e5b19d0000 Exception <a 'sun/nio/fs/WindowsException'{0x00000000914af178}> (0x00000000914af178) thrown at [./src/hotspot/share/prims/jni.cpp, line 615]
Event: 3780.581 Thread 0x000001e5b19d0000 Exception <a 'sun/nio/fs/WindowsException'{0x0000000091353488}> (0x0000000091353488) thrown at [./src/hotspot/share/prims/jni.cpp, line 615]
Event: 3780.581 Thread 0x000001e5b19d0000 Exception <a 'sun/nio/fs/WindowsException'{0x0000000091354490}> (0x0000000091354490) thrown at [./src/hotspot/share/prims/jni.cpp, line 615]
Event: 3780.581 Thread 0x000001e5b19d0000 Exception <a 'sun/nio/fs/WindowsException'{0x00000000913554e8}> (0x00000000913554e8) thrown at [./src/hotspot/share/prims/jni.cpp, line 615]
Event: 3780.582 Thread 0x000001e5b19d0000 Exception <a 'sun/nio/fs/WindowsException'{0x0000000091356540}> (0x0000000091356540) thrown at [./src/hotspot/share/prims/jni.cpp, line 615]
Event: 3785.644 Thread 0x000001e5b5aa4800 Exception <a 'sun/nio/fs/WindowsException'{0x0000000090cde670}> (0x0000000090cde670) thrown at [./src/hotspot/share/prims/jni.cpp, line 615]
Event: 3785.644 Thread 0x000001e5b5aa4800 Exception <a 'sun/nio/fs/WindowsException'{0x0000000090cde710}> (0x0000000090cde710) thrown at [./src/hotspot/share/prims/jni.cpp, line 615]
Event: 3785.644 Thread 0x000001e5b5aa4800 Exception <a 'sun/nio/fs/WindowsException'{0x0000000090cde7f8}> (0x0000000090cde7f8) thrown at [./src/hotspot/share/prims/jni.cpp, line 615]

Events (20 events):
Event: 3783.143 Executing VM operation: RevokeBias done
Event: 3783.144 Executing VM operation: RevokeBias
Event: 3783.144 Executing VM operation: RevokeBias done
Event: 3783.144 Executing VM operation: RevokeBias
Event: 3783.144 Executing VM operation: RevokeBias done
Event: 3783.144 Executing VM operation: RevokeBias
Event: 3783.144 Executing VM operation: RevokeBias done
Event: 3783.144 Executing VM operation: RevokeBias
Event: 3783.144 Executing VM operation: RevokeBias done
Event: 3783.144 Executing VM operation: RevokeBias
Event: 3783.144 Executing VM operation: RevokeBias done
Event: 3783.144 Executing VM operation: BulkRevokeBias
Event: 3783.146 Executing VM operation: BulkRevokeBias done
Event: 3783.183 Thread 0x000001e5b5a9e800 Thread added: 0x000001e5b5a9e800
Event: 3783.196 Thread 0x000001e5b5aa8800 Thread added: 0x000001e5b5aa8800
Event: 3783.204 Thread 0x000001e5b5aa6000 Thread added: 0x000001e5b5aa6000
Event: 3783.204 Thread 0x000001e5b5aa5000 Thread added: 0x000001e5b5aa5000
Event: 3785.554 Executing VM operation: G1CollectForAllocation
Event: 3785.582 Executing VM operation: G1CollectForAllocation done
Event: 3785.663 Executing VM operation: G1CollectForAllocation


Dynamic libraries:
0x00007ff7acf40000 - 0x00007ff7acf4a000 	B:\Android Studio\jre\bin\java.exe
0x00007ff903f90000 - 0x00007ff904185000 	C:\Windows\SYSTEM32\ntdll.dll
0x00007ff903100000 - 0x00007ff9031bd000 	C:\Windows\System32\KERNEL32.DLL
0x00007ff901800000 - 0x00007ff901ac9000 	C:\Windows\System32\KERNELBASE.dll
0x00007ff901c70000 - 0x00007ff901d70000 	C:\Windows\System32\ucrtbase.dll
0x00007ff8fada0000 - 0x00007ff8fadb9000 	B:\Android Studio\jre\bin\jli.dll
0x00007ff8fb150000 - 0x00007ff8fb167000 	B:\Android Studio\jre\bin\VCRUNTIME140.dll
0x00007ff903360000 - 0x00007ff903500000 	C:\Windows\System32\USER32.dll
0x00007ff901720000 - 0x00007ff901742000 	C:\Windows\System32\win32u.dll
0x00007ff903630000 - 0x00007ff90365a000 	C:\Windows\System32\GDI32.dll
0x00007ff8f2190000 - 0x00007ff8f242a000 	C:\Windows\WinSxS\amd64_microsoft.windows.common-controls_6595b64144ccf1df_6.0.19041.1110_none_60b5254171f9507e\COMCTL32.dll
0x00007ff901b60000 - 0x00007ff901c6b000 	C:\Windows\System32\gdi32full.dll
0x00007ff903060000 - 0x00007ff9030fe000 	C:\Windows\System32\msvcrt.dll
0x00007ff901d70000 - 0x00007ff901e0d000 	C:\Windows\System32\msvcp_win.dll
0x00007ff903500000 - 0x00007ff903530000 	C:\Windows\System32\IMM32.DLL
0x00007ff8ea140000 - 0x00007ff8ea1dd000 	B:\Android Studio\jre\bin\msvcp140.dll
0x00007ff8af590000 - 0x00007ff8b005f000 	B:\Android Studio\jre\bin\server\jvm.dll
0x00007ff903220000 - 0x00007ff9032cc000 	C:\Windows\System32\ADVAPI32.dll
0x00007ff9036f0000 - 0x00007ff90378b000 	C:\Windows\System32\sechost.dll
0x00007ff902050000 - 0x00007ff90217a000 	C:\Windows\System32\RPCRT4.dll
0x00007ff902560000 - 0x00007ff902568000 	C:\Windows\System32\PSAPI.DLL
0x00007ff8eed00000 - 0x00007ff8eed09000 	C:\Windows\SYSTEM32\WSOCK32.dll
0x00007ff9032f0000 - 0x00007ff90335b000 	C:\Windows\System32\WS2_32.dll
0x00007ff8f32f0000 - 0x00007ff8f32fa000 	C:\Windows\SYSTEM32\VERSION.dll
0x00007ff8f0ec0000 - 0x00007ff8f0ee7000 	C:\Windows\SYSTEM32\WINMM.dll
0x00007ff8fff40000 - 0x00007ff8fff52000 	C:\Windows\SYSTEM32\kernel.appcore.dll
0x00007ff8fabb0000 - 0x00007ff8fabc1000 	B:\Android Studio\jre\bin\verify.dll
0x00007ff8f4950000 - 0x00007ff8f4b34000 	C:\Windows\SYSTEM32\DBGHELP.DLL
0x00007ff8f3500000 - 0x00007ff8f352c000 	C:\Windows\SYSTEM32\dbgcore.DLL
0x00007ff901ad0000 - 0x00007ff901b53000 	C:\Windows\System32\bcryptPrimitives.dll
0x00007ff8dd680000 - 0x00007ff8dd6a9000 	B:\Android Studio\jre\bin\java.dll
0x00007ff8faa40000 - 0x00007ff8faa4b000 	B:\Android Studio\jre\bin\jimage.dll
0x00007ff8dd660000 - 0x00007ff8dd678000 	B:\Android Studio\jre\bin\zip.dll
0x00007ff903790000 - 0x00007ff903ecf000 	C:\Windows\System32\SHELL32.dll
0x00007ff8ff7b0000 - 0x00007ff8fff40000 	C:\Windows\SYSTEM32\windows.storage.dll
0x00007ff902d00000 - 0x00007ff903055000 	C:\Windows\System32\combase.dll
0x00007ff901120000 - 0x00007ff90114c000 	C:\Windows\SYSTEM32\Wldp.dll
0x00007ff902b80000 - 0x00007ff902c2e000 	C:\Windows\System32\SHCORE.dll
0x00007ff902500000 - 0x00007ff902555000 	C:\Windows\System32\shlwapi.dll
0x00007ff901600000 - 0x00007ff90161f000 	C:\Windows\SYSTEM32\profapi.dll
0x00007ff8dd610000 - 0x00007ff8dd62a000 	B:\Android Studio\jre\bin\net.dll
0x00007ff8f7320000 - 0x00007ff8f7428000 	C:\Windows\SYSTEM32\WINHTTP.dll
0x00007ff900e80000 - 0x00007ff900eea000 	C:\Windows\system32\mswsock.dll
0x00007ff8dd5f0000 - 0x00007ff8dd604000 	B:\Android Studio\jre\bin\nio.dll
0x00007ff8fabd0000 - 0x00007ff8fabf7000 	B:\Archivos de Sistema\Usuarios\daniel\.gradle\native\8bec1ad78214c89d9ad589b4d07fe93259594b29d510b10fafb7a158f7737e5d\windows-amd64\native-platform.dll
0x00007ff8d1ac0000 - 0x00007ff8d1bfd000 	B:\Archivos de Sistema\Usuarios\daniel\.gradle\native\53dbd7edfb1c66fb8903c78663c9afc45aea4f116125fa6feffd364cf09443e8\windows-amd64\native-platform-file-events.dll
0x00007ff8de0b0000 - 0x00007ff8de0ba000 	B:\Android Studio\jre\bin\management.dll
0x00007ff8dd650000 - 0x00007ff8dd65c000 	B:\Android Studio\jre\bin\management_ext.dll
0x00007ff901070000 - 0x00007ff901088000 	C:\Windows\SYSTEM32\CRYPTSP.dll
0x00007ff900790000 - 0x00007ff9007c4000 	C:\Windows\system32\rsaenh.dll
0x00007ff901e10000 - 0x00007ff901e37000 	C:\Windows\System32\bcrypt.dll
0x00007ff9015c0000 - 0x00007ff9015ee000 	C:\Windows\SYSTEM32\USERENV.dll
0x00007ff901090000 - 0x00007ff90109c000 	C:\Windows\SYSTEM32\CRYPTBASE.dll
0x00007ff900b20000 - 0x00007ff900b5b000 	C:\Windows\SYSTEM32\IPHLPAPI.DLL
0x00007ff9032e0000 - 0x00007ff9032e8000 	C:\Windows\System32\NSI.dll
0x00007ff8f87f0000 - 0x00007ff8f8807000 	C:\Windows\SYSTEM32\dhcpcsvc6.DLL
0x00007ff8f8760000 - 0x00007ff8f877d000 	C:\Windows\SYSTEM32\dhcpcsvc.DLL
0x00007ff900b70000 - 0x00007ff900c3c000 	C:\Windows\SYSTEM32\DNSAPI.dll
0x00007ff8fc350000 - 0x00007ff8fc377000 	B:\Android Studio\jre\bin\sunec.dll
0x00007ff8f7540000 - 0x00007ff8f754a000 	C:\Windows\System32\rasadhlp.dll
0x00007ff8f71e0000 - 0x00007ff8f725f000 	C:\Windows\System32\fwpuclnt.dll

dbghelp: loaded successfully - version: 4.0.5 - missing functions: none
symbol engine: initialized successfully - sym options: 0x614 - pdb path: .;B:\Android Studio\jre\bin;C:\Windows\SYSTEM32;C:\Windows\WinSxS\amd64_microsoft.windows.common-controls_6595b64144ccf1df_6.0.19041.1110_none_60b5254171f9507e;B:\Android Studio\jre\bin\server;B:\Archivos de Sistema\Usuarios\daniel\.gradle\native\8bec1ad78214c89d9ad589b4d07fe93259594b29d510b10fafb7a158f7737e5d\windows-amd64;B:\Archivos de Sistema\Usuarios\daniel\.gradle\native\53dbd7edfb1c66fb8903c78663c9afc45aea4f116125fa6feffd364cf09443e8\windows-amd64

VM Arguments:
jvm_args: --add-opens=java.base/java.util=ALL-UNNAMED --add-opens=java.base/java.lang=ALL-UNNAMED --add-opens=java.base/java.lang.invoke=ALL-UNNAMED --add-opens=java.base/java.util=ALL-UNNAMED --add-opens=java.prefs/java.util.prefs=ALL-UNNAMED --add-opens=java.prefs/java.util.prefs=ALL-UNNAMED --add-opens=java.base/java.nio.charset=ALL-UNNAMED --add-opens=java.base/java.net=ALL-UNNAMED --add-opens=java.base/java.util.concurrent.atomic=ALL-UNNAMED -Xmx2048m -Dfile.encoding=UTF-8 -Duser.country=MX -Duser.language=es -Duser.variant 
java_command: org.gradle.launcher.daemon.bootstrap.GradleDaemon 7.0.2
java_class_path (initial): B:\Archivos de Sistema\Usuarios\daniel\.gradle\wrapper\dists\gradle-7.0.2-bin\857tjihv64xamwrf0h14cai3r\gradle-7.0.2\lib\gradle-launcher-7.0.2.jar
Launcher Type: SUN_STANDARD

[Global flags]
     intx CICompilerCount                          = 3                                         {product} {ergonomic}
     uint ConcGCThreads                            = 1                                         {product} {ergonomic}
     uint G1ConcRefinementThreads                  = 4                                         {product} {ergonomic}
   size_t G1HeapRegionSize                         = 1048576                                   {product} {ergonomic}
    uintx GCDrainStackTargetSize                   = 64                                        {product} {ergonomic}
   size_t InitialHeapSize                          = 134217728                                 {product} {ergonomic}
   size_t MarkStackSize                            = 4194304                                   {product} {ergonomic}
   size_t MaxHeapSize                              = 2147483648                                {product} {command line}
   size_t MaxNewSize                               = 1287651328                                {product} {ergonomic}
   size_t MinHeapDeltaBytes                        = 1048576                                   {product} {ergonomic}
    uintx NonNMethodCodeHeapSize                   = 5830732                                {pd product} {ergonomic}
    uintx NonProfiledCodeHeapSize                  = 122913754                              {pd product} {ergonomic}
    uintx ProfiledCodeHeapSize                     = 122913754                              {pd product} {ergonomic}
    uintx ReservedCodeCacheSize                    = 251658240                              {pd product} {ergonomic}
     bool SegmentedCodeCache                       = true                                      {product} {ergonomic}
     bool UseCompressedClassPointers               = true                                 {lp64_product} {ergonomic}
     bool UseCompressedOops                        = true                                 {lp64_product} {ergonomic}
     bool UseG1GC                                  = true                                      {product} {ergonomic}
     bool UseLargePagesIndividualAllocation        = false                                  {pd product} {ergonomic}

Logging:
Log output configuration:
 #0: stdout all=warning uptime,level,tags
 #1: stderr all=off uptime,level,tags

Environment Variables:
PATH=C:\Python39\Scripts\;C:\Python39\;C:\Program Files (x86)\Common Files\Oracle\Java\javapath;C:\Windows\system32;C:\Windows;C:\Windows\System32\Wbem;C:\Windows\System32\WindowsPowerShell\v1.0\;C:\Windows\System32\OpenSSH\;B:\Strawberry\c\bin;B:\Strawberry\perl\site\bin;B:\Strawberry\perl\bin;B:\laragon\bin\php\php-7.2.19-Win32-VC15-x64;B:\composer;B:\nodejs\;C:\ProgramData\chocolatey\bin;B:\Git\cmd;B:\Archivos de Sistema\Usuarios\daniel\AppData\Local\Yarn\config\global\node_modules\.bin;B:\Archivos de Sistema\Usuarios\daniel\AppData\Roaming\Composer\vendor\bin;B:\Archivos de Sistema\Usuarios\daniel\AppData\Roaming\npm;B:\laragon\bin;B:\laragon\bin\apache\httpd-2.4.35-win64-VC15\bin;B:\laragon\bin\composer;B:\laragon\bin\git\bin;B:\laragon\bin\git\cmd;B:\laragon\bin\git\mingw64\bin;B:\laragon\bin\git\usr\bin;B:\laragon\bin\laragon\utils;B:\laragon\bin\mysql\mysql-5.7.24-winx64\bin;B:\laragon\bin\nginx\nginx-1.16.0;B:\laragon\bin\ngrok;B:\laragon\bin\nodejs\node-v12;B:\laragon\bin\notepad++;B:\laragon\bin\php\php-7.2.19-Win32-VC15-x64;B:\laragon\bin\putty;B:\laragon\bin\redis\redis-x64-3.2.100;B:\laragon\bin\telnet;B:\laragon\usr\bin;B:\Program Files\MySQL\MySQL Shell 8.0\bin\;B:\Archivos de Sistema\Usuarios\daniel\AppData\Local\Microsoft\WindowsApps;B:\Archivos de Sistema\Usuarios\daniel\AppData\Local\Programs\Microsoft VS Code\bin;B:\Program Files\MySQL\MySQL Server 8.0\bin;B:\Archivos de Sistema\Usuarios\daniel\AppData\Local\gitkraken\bin;B:\Program Files\Anaconda\Scripts;
USERNAME=daniel
OS=Windows_NT
PROCESSOR_IDENTIFIER=Intel64 Family 6 Model 37 Stepping 2, GenuineIntel



---------------  S Y S T E M  ---------------

OS: Windows 10 , 64 bit Build 19041 (10.0.19041.1151)
OS uptime: 0 days 14:49 hours

CPU:total 4 (initial active 4) (2 cores per cpu, 2 threads per core) family 6 model 37 stepping 2 microcode 0x11, cmov, cx8, fxsr, mmx, sse, sse2, sse3, ssse3, sse4.1, sse4.2, popcnt, aes, clmul, ht, tsc, tscinvbit

Memory: 4k page, system-wide physical 8117M (1169M free)
TotalPageFile size 9834M (AvailPageFile size 223M)
current process WorkingSet (physical memory assigned to process): 613M, peak: 691M
current process commit charge ("private bytes"): 711M, peak: 989M

vm_info: OpenJDK 64-Bit Server VM (11.0.10+0-b96-7249189) for windows-amd64 JRE (11.0.10+0-b96-7249189), built on Mar 31 2021 21:44:00 by "builder" with MS VC++ 14.0 (VS2015)

END.
